{"C:\\minhviet-erp\\src\\constants\\config.js": {"path":"C:\\minhviet-erp\\src\\constants\\config.js","statementMap":{"0":{"start":{"line":1,"column":23},"end":{"line":8,"column":null}},"1":{"start":{"line":10,"column":25},"end":{"line":13,"column":null}},"2":{"start":{"line":15,"column":26},"end":{"line":17,"column":null}},"3":{"start":{"line":19,"column":24},"end":{"line":21,"column":null}},"4":{"start":{"line":23,"column":24},"end":{"line":26,"column":null}},"5":{"start":{"line":28,"column":23},"end":{"line":35,"column":null}},"6":{"start":{"line":38,"column":37},"end":{"line":38,"column":null}},"7":{"start":{"line":41,"column":21},"end":{"line":46,"column":null}}},"fnMap":{},"branchMap":{},"s":{"0":1,"1":1,"2":1,"3":1,"4":1,"5":1,"6":1,"7":1},"f":{},"b":{},"meta":{"lastBranch":0,"lastFunction":0,"lastStatement":8,"seen":{"s:1:23:8:Infinity":0,"s:10:25:13:Infinity":1,"s:15:26:17:Infinity":2,"s:19:24:21:Infinity":3,"s:23:24:26:Infinity":4,"s:28:23:35:Infinity":5,"s:38:37:38:Infinity":6,"s:41:21:46:Infinity":7},"fnNames":{}}}
,"C:\\minhviet-erp\\src\\constants\\services.js": {"path":"C:\\minhviet-erp\\src\\constants\\services.js","statementMap":{"0":{"start":{"line":1,"column":24},"end":{"line":14,"column":null}},"1":{"start":{"line":16,"column":27},"end":{"line":25,"column":null}},"2":{"start":{"line":27,"column":35},"end":{"line":159,"column":null}},"3":{"start":{"line":162,"column":0},"end":{"line":162,"column":null}},"4":{"start":{"line":164,"column":0},"end":{"line":167,"column":null}},"5":{"start":{"line":165,"column":46},"end":{"line":165,"column":70}},"6":{"start":{"line":166,"column":46},"end":{"line":166,"column":70}}},"fnMap":{"0":{"name":"(anonymous_0)","decl":{"start":{"line":165,"column":36},"end":{"line":165,"column":40}},"loc":{"start":{"line":165,"column":46},"end":{"line":165,"column":70}},"line":165},"1":{"name":"(anonymous_1)","decl":{"start":{"line":166,"column":35},"end":{"line":166,"column":39}},"loc":{"start":{"line":166,"column":46},"end":{"line":166,"column":70}},"line":166}},"branchMap":{},"s":{"0":1,"1":1,"2":1,"3":1,"4":1,"5":13,"6":9},"f":{"0":13,"1":9},"b":{},"meta":{"lastBranch":0,"lastFunction":2,"lastStatement":7,"seen":{"s:1:24:14:Infinity":0,"s:16:27:25:Infinity":1,"s:27:35:159:Infinity":2,"s:162:0:162:Infinity":3,"s:164:0:167:Infinity":4,"f:165:36:165:40":0,"s:165:46:165:70":5,"f:166:35:166:39":1,"s:166:46:166:70":6},"fnNames":{}}}
,"C:\\minhviet-erp\\src\\constants\\statuses.js": {"path":"C:\\minhviet-erp\\src\\constants\\statuses.js","statementMap":{"0":{"start":{"line":1,"column":28},"end":{"line":10,"column":null}},"1":{"start":{"line":12,"column":30},"end":{"line":16,"column":null}},"2":{"start":{"line":18,"column":37},"end":{"line":23,"column":null}},"3":{"start":{"line":25,"column":35},"end":{"line":32,"column":null}},"4":{"start":{"line":34,"column":29},"end":{"line":40,"column":null}},"5":{"start":{"line":42,"column":29},"end":{"line":48,"column":null}},"6":{"start":{"line":50,"column":30},"end":{"line":56,"column":null}},"7":{"start":{"line":58,"column":25},"end":{"line":64,"column":null}},"8":{"start":{"line":66,"column":29},"end":{"line":69,"column":null}}},"fnMap":{},"branchMap":{},"s":{"0":1,"1":1,"2":1,"3":1,"4":1,"5":1,"6":1,"7":1,"8":1},"f":{},"b":{},"meta":{"lastBranch":0,"lastFunction":0,"lastStatement":9,"seen":{"s:1:28:10:Infinity":0,"s:12:30:16:Infinity":1,"s:18:37:23:Infinity":2,"s:25:35:32:Infinity":3,"s:34:29:40:Infinity":4,"s:42:29:48:Infinity":5,"s:50:30:56:Infinity":6,"s:58:25:64:Infinity":7,"s:66:29:69:Infinity":8},"fnNames":{}}}
,"C:\\minhviet-erp\\src\\utils\\auth.js": {"path":"C:\\minhviet-erp\\src\\utils\\auth.js","statementMap":{"0":{"start":{"line":4,"column":22},"end":{"line":4,"column":null}},"1":{"start":{"line":5,"column":22},"end":{"line":5,"column":null}},"2":{"start":{"line":6,"column":22},"end":{"line":6,"column":null}},"3":{"start":{"line":9,"column":20},"end":{"line":9,"column":null}},"4":{"start":{"line":12,"column":15},"end":{"line":12,"column":null}},"5":{"start":{"line":13,"column":2},"end":{"line":13,"column":null}},"6":{"start":{"line":13,"column":29},"end":{"line":13,"column":75}},"7":{"start":{"line":13,"column":56},"end":{"line":13,"column":75}},"8":{"start":{"line":14,"column":2},"end":{"line":14,"column":null}},"9":{"start":{"line":15,"column":2},"end":{"line":15,"column":null}},"10":{"start":{"line":19,"column":2},"end":{"line":35,"column":null}},"11":{"start":{"line":20,"column":16},"end":{"line":20,"column":null}},"12":{"start":{"line":21,"column":4},"end":{"line":21,"column":null}},"13":{"start":{"line":21,"column":14},"end":{"line":21,"column":null}},"14":{"start":{"line":22,"column":17},"end":{"line":22,"column":null}},"15":{"start":{"line":23,"column":4},"end":{"line":23,"column":null}},"16":{"start":{"line":23,"column":34},"end":{"line":23,"column":null}},"17":{"start":{"line":25,"column":23},"end":{"line":25,"column":null}},"18":{"start":{"line":26,"column":4},"end":{"line":29,"column":null}},"19":{"start":{"line":27,"column":6},"end":{"line":27,"column":null}},"20":{"start":{"line":28,"column":6},"end":{"line":28,"column":null}},"21":{"start":{"line":30,"column":4},"end":{"line":30,"column":null}},"22":{"start":{"line":31,"column":4},"end":{"line":31,"column":null}},"23":{"start":{"line":33,"column":4},"end":{"line":33,"column":null}},"24":{"start":{"line":34,"column":4},"end":{"line":34,"column":null}},"25":{"start":{"line":39,"column":2},"end":{"line":39,"column":null}},"26":{"start":{"line":40,"column":2},"end":{"line":40,"column":null}},"27":{"start":{"line":44,"column":2},"end":{"line":44,"column":null}},"28":{"start":{"line":51,"column":2},"end":{"line":54,"column":null}}},"fnMap":{"0":{"name":"saveSession","decl":{"start":{"line":11,"column":16},"end":{"line":11,"column":28}},"loc":{"start":{"line":11,"column":34},"end":{"line":16,"column":null}},"line":11},"1":{"name":"(anonymous_1)","decl":{"start":{"line":13,"column":14},"end":{"line":13,"column":22}},"loc":{"start":{"line":13,"column":27},"end":{"line":13,"column":76}},"line":13},"2":{"name":"loadSession","decl":{"start":{"line":18,"column":16},"end":{"line":18,"column":30}},"loc":{"start":{"line":18,"column":30},"end":{"line":36,"column":null}},"line":18},"3":{"name":"clearSession","decl":{"start":{"line":38,"column":16},"end":{"line":38,"column":31}},"loc":{"start":{"line":38,"column":31},"end":{"line":41,"column":null}},"line":38},"4":{"name":"touchActivity","decl":{"start":{"line":43,"column":16},"end":{"line":43,"column":32}},"loc":{"start":{"line":43,"column":32},"end":{"line":45,"column":null}},"line":43},"5":{"name":"useSessionTimeout","decl":{"start":{"line":48,"column":16},"end":{"line":48,"column":34}},"loc":{"start":{"line":48,"column":61},"end":{"line":55,"column":null}},"line":48}},"branchMap":{"0":{"loc":{"start":{"line":13,"column":29},"end":{"line":13,"column":75}},"type":"if","locations":[{"start":{"line":13,"column":29},"end":{"line":13,"column":75}},{"start":{},"end":{}}],"line":13},"1":{"loc":{"start":{"line":21,"column":4},"end":{"line":21,"column":null}},"type":"if","locations":[{"start":{"line":21,"column":4},"end":{"line":21,"column":null}},{"start":{},"end":{}}],"line":21},"2":{"loc":{"start":{"line":23,"column":4},"end":{"line":23,"column":null}},"type":"if","locations":[{"start":{"line":23,"column":4},"end":{"line":23,"column":null}},{"start":{},"end":{}}],"line":23},"3":{"loc":{"start":{"line":23,"column":8},"end":{"line":23,"column":34}},"type":"binary-expr","locations":[{"start":{"line":23,"column":8},"end":{"line":23,"column":21}},{"start":{"line":23,"column":21},"end":{"line":23,"column":34}}],"line":23},"4":{"loc":{"start":{"line":25,"column":32},"end":{"line":25,"column":75}},"type":"binary-expr","locations":[{"start":{"line":25,"column":32},"end":{"line":25,"column":72}},{"start":{"line":25,"column":72},"end":{"line":25,"column":75}}],"line":25},"5":{"loc":{"start":{"line":26,"column":4},"end":{"line":29,"column":null}},"type":"if","locations":[{"start":{"line":26,"column":4},"end":{"line":29,"column":null}},{"start":{},"end":{}}],"line":26},"6":{"loc":{"start":{"line":48,"column":45},"end":{"line":48,"column":61}},"type":"default-arg","locations":[{"start":{"line":48,"column":55},"end":{"line":48,"column":61}}],"line":48}},"s":{"0":1,"1":1,"2":1,"3":1,"4":8,"5":8,"6":80,"7":32,"8":8,"9":8,"10":9,"11":9,"12":9,"13":1,"14":8,"15":8,"16":2,"17":5,"18":9,"19":2,"20":2,"21":3,"22":3,"23":1,"24":1,"25":4,"26":4,"27":12,"28":2},"f":{"0":8,"1":80,"2":9,"3":4,"4":12,"5":2},"b":{"0":[32,48],"1":[1,8],"2":[2,6],"3":[8,6],"4":[5,1],"5":[2,7],"6":[2]},"meta":{"lastBranch":7,"lastFunction":6,"lastStatement":29,"seen":{"s:4:22:4:Infinity":0,"s:5:22:5:Infinity":1,"s:6:22:6:Infinity":2,"s:9:20:9:Infinity":3,"f:11:16:11:28":0,"s:12:15:12:Infinity":4,"s:13:2:13:Infinity":5,"f:13:14:13:22":1,"b:13:29:13:75:undefined:undefined:undefined:undefined":0,"s:13:29:13:75":6,"s:13:56:13:75":7,"s:14:2:14:Infinity":8,"s:15:2:15:Infinity":9,"f:18:16:18:30":2,"s:19:2:35:Infinity":10,"s:20:16:20:Infinity":11,"b:21:4:21:Infinity:undefined:undefined:undefined:undefined":1,"s:21:4:21:Infinity":12,"s:21:14:21:Infinity":13,"s:22:17:22:Infinity":14,"b:23:4:23:Infinity:undefined:undefined:undefined:undefined":2,"s:23:4:23:Infinity":15,"b:23:8:23:21:23:21:23:34":3,"s:23:34:23:Infinity":16,"s:25:23:25:Infinity":17,"b:25:32:25:72:25:72:25:75":4,"b:26:4:29:Infinity:undefined:undefined:undefined:undefined":5,"s:26:4:29:Infinity":18,"s:27:6:27:Infinity":19,"s:28:6:28:Infinity":20,"s:30:4:30:Infinity":21,"s:31:4:31:Infinity":22,"s:33:4:33:Infinity":23,"s:34:4:34:Infinity":24,"f:38:16:38:31":3,"s:39:2:39:Infinity":25,"s:40:2:40:Infinity":26,"f:43:16:43:32":4,"s:44:2:44:Infinity":27,"f:48:16:48:34":5,"b:48:55:48:61":6,"s:51:2:54:Infinity":28},"fnNames":{}}}
,"C:\\minhviet-erp\\src\\utils\\currency.js": {"path":"C:\\minhviet-erp\\src\\utils\\currency.js","statementMap":{"0":{"start":{"line":2,"column":15},"end":{"line":2,"column":null}},"1":{"start":{"line":4,"column":26},"end":{"line":15,"column":null}},"2":{"start":{"line":18,"column":2},"end":{"line":30,"column":null}},"3":{"start":{"line":19,"column":16},"end":{"line":19,"column":null}},"4":{"start":{"line":20,"column":18},"end":{"line":20,"column":null}},"5":{"start":{"line":21,"column":19},"end":{"line":21,"column":null}},"6":{"start":{"line":22,"column":4},"end":{"line":24,"column":null}},"7":{"start":{"line":23,"column":6},"end":{"line":23,"column":null}},"8":{"start":{"line":25,"column":4},"end":{"line":25,"column":null}},"9":{"start":{"line":27,"column":19},"end":{"line":27,"column":null}},"10":{"start":{"line":28,"column":4},"end":{"line":28,"column":null}},"11":{"start":{"line":28,"column":30},"end":{"line":28,"column":62}},"12":{"start":{"line":29,"column":4},"end":{"line":29,"column":null}},"13":{"start":{"line":34,"column":2},"end":{"line":34,"column":null}},"14":{"start":{"line":39,"column":2},"end":{"line":39,"column":null}},"15":{"start":{"line":39,"column":39},"end":{"line":39,"column":null}},"16":{"start":{"line":40,"column":8},"end":{"line":40,"column":null}},"17":{"start":{"line":41,"column":2},"end":{"line":41,"column":null}},"18":{"start":{"line":46,"column":12},"end":{"line":46,"column":null}},"19":{"start":{"line":46,"column":33},"end":{"line":46,"column":52}},"20":{"start":{"line":47,"column":2},"end":{"line":47,"column":null}},"21":{"start":{"line":47,"column":26},"end":{"line":47,"column":null}},"22":{"start":{"line":48,"column":2},"end":{"line":48,"column":null}}},"fnMap":{"0":{"name":"loadFxRates","decl":{"start":{"line":17,"column":16},"end":{"line":17,"column":30}},"loc":{"start":{"line":17,"column":30},"end":{"line":31,"column":null}},"line":17},"1":{"name":"(anonymous_1)","decl":{"start":{"line":22,"column":15},"end":{"line":22,"column":23}},"loc":{"start":{"line":22,"column":28},"end":{"line":24,"column":5}},"line":22},"2":{"name":"(anonymous_2)","decl":{"start":{"line":28,"column":15},"end":{"line":28,"column":23}},"loc":{"start":{"line":28,"column":28},"end":{"line":28,"column":63}},"line":28},"3":{"name":"saveFxRates","decl":{"start":{"line":33,"column":16},"end":{"line":33,"column":28}},"loc":{"start":{"line":33,"column":35},"end":{"line":35,"column":null}},"line":33},"4":{"name":"toVND","decl":{"start":{"line":38,"column":16},"end":{"line":38,"column":22}},"loc":{"start":{"line":38,"column":47},"end":{"line":42,"column":null}},"line":38},"5":{"name":"fmtCurrency","decl":{"start":{"line":45,"column":16},"end":{"line":45,"column":28}},"loc":{"start":{"line":45,"column":46},"end":{"line":49,"column":null}},"line":45},"6":{"name":"(anonymous_6)","decl":{"start":{"line":46,"column":23},"end":{"line":46,"column":28}},"loc":{"start":{"line":46,"column":33},"end":{"line":46,"column":52}},"line":46}},"branchMap":{"0":{"loc":{"start":{"line":20,"column":18},"end":{"line":20,"column":null}},"type":"cond-expr","locations":[{"start":{"line":20,"column":24},"end":{"line":20,"column":42}},{"start":{"line":20,"column":42},"end":{"line":20,"column":null}}],"line":20},"1":{"loc":{"start":{"line":23,"column":23},"end":{"line":23,"column":null}},"type":"binary-expr","locations":[{"start":{"line":23,"column":23},"end":{"line":23,"column":40}},{"start":{"line":23,"column":40},"end":{"line":23,"column":null}}],"line":23},"2":{"loc":{"start":{"line":39,"column":2},"end":{"line":39,"column":null}},"type":"if","locations":[{"start":{"line":39,"column":2},"end":{"line":39,"column":null}},{"start":{},"end":{}}],"line":39},"3":{"loc":{"start":{"line":39,"column":6},"end":{"line":39,"column":39}},"type":"binary-expr","locations":[{"start":{"line":39,"column":6},"end":{"line":39,"column":19}},{"start":{"line":39,"column":19},"end":{"line":39,"column":39}}],"line":39},"4":{"loc":{"start":{"line":40,"column":8},"end":{"line":40,"column":null}},"type":"binary-expr","locations":[{"start":{"line":40,"column":8},"end":{"line":40,"column":53}},{"start":{"line":40,"column":53},"end":{"line":40,"column":null}}],"line":40},"5":{"loc":{"start":{"line":40,"column":16},"end":{"line":40,"column":40}},"type":"binary-expr","locations":[{"start":{"line":40,"column":16},"end":{"line":40,"column":25}},{"start":{"line":40,"column":25},"end":{"line":40,"column":40}}],"line":40},"6":{"loc":{"start":{"line":46,"column":12},"end":{"line":46,"column":null}},"type":"binary-expr","locations":[{"start":{"line":46,"column":12},"end":{"line":46,"column":57}},{"start":{"line":46,"column":57},"end":{"line":46,"column":null}}],"line":46},"7":{"loc":{"start":{"line":47,"column":2},"end":{"line":47,"column":null}},"type":"if","locations":[{"start":{"line":47,"column":2},"end":{"line":47,"column":null}},{"start":{},"end":{}}],"line":47}},"s":{"0":1,"1":1,"2":5,"3":5,"4":5,"5":5,"6":5,"7":40,"8":5,"9":1,"10":1,"11":10,"12":1,"13":1,"14":7,"15":2,"16":5,"17":7,"18":4,"19":16,"20":4,"21":1,"22":3},"f":{"0":5,"1":40,"2":10,"3":1,"4":7,"5":4,"6":16},"b":{"0":[3,2],"1":[40,38],"2":[2,5],"3":[7,6],"4":[5,1],"5":[5,1],"6":[4,1],"7":[1,3]},"meta":{"lastBranch":8,"lastFunction":7,"lastStatement":23,"seen":{"s:2:15:2:Infinity":0,"s:4:26:15:Infinity":1,"f:17:16:17:30":0,"s:18:2:30:Infinity":2,"s:19:16:19:Infinity":3,"s:20:18:20:Infinity":4,"b:20:24:20:42:20:42:20:Infinity":0,"s:21:19:21:Infinity":5,"s:22:4:24:Infinity":6,"f:22:15:22:23":1,"s:23:6:23:Infinity":7,"b:23:23:23:40:23:40:23:Infinity":1,"s:25:4:25:Infinity":8,"s:27:19:27:Infinity":9,"s:28:4:28:Infinity":10,"f:28:15:28:23":2,"s:28:30:28:62":11,"s:29:4:29:Infinity":12,"f:33:16:33:28":3,"s:34:2:34:Infinity":13,"f:38:16:38:22":4,"b:39:2:39:Infinity:undefined:undefined:undefined:undefined":2,"s:39:2:39:Infinity":14,"b:39:6:39:19:39:19:39:39":3,"s:39:39:39:Infinity":15,"s:40:8:40:Infinity":16,"b:40:8:40:53:40:53:40:Infinity":4,"b:40:16:40:25:40:25:40:40":5,"s:41:2:41:Infinity":17,"f:45:16:45:28":5,"s:46:12:46:Infinity":18,"b:46:12:46:57:46:57:46:Infinity":6,"f:46:23:46:28":6,"s:46:33:46:52":19,"b:47:2:47:Infinity:undefined:undefined:undefined:undefined":7,"s:47:2:47:Infinity":20,"s:47:26:47:Infinity":21,"s:48:2:48:Infinity":22},"fnNames":{}}}
,"C:\\minhviet-erp\\src\\utils\\format.js": {"path":"C:\\minhviet-erp\\src\\utils\\format.js","statementMap":{"0":{"start":{"line":1,"column":23},"end":{"line":1,"column":null}},"1":{"start":{"line":3,"column":13},"end":{"line":3,"column":null}},"2":{"start":{"line":3,"column":29},"end":{"line":3,"column":null}},"3":{"start":{"line":4,"column":13},"end":{"line":10,"column":null}},"4":{"start":{"line":5,"column":2},"end":{"line":5,"column":null}},"5":{"start":{"line":5,"column":10},"end":{"line":5,"column":null}},"6":{"start":{"line":6,"column":2},"end":{"line":6,"column":null}},"7":{"start":{"line":6,"column":16},"end":{"line":6,"column":null}},"8":{"start":{"line":7,"column":2},"end":{"line":7,"column":null}},"9":{"start":{"line":7,"column":16},"end":{"line":7,"column":null}},"10":{"start":{"line":8,"column":2},"end":{"line":8,"column":null}},"11":{"start":{"line":8,"column":16},"end":{"line":8,"column":null}},"12":{"start":{"line":9,"column":2},"end":{"line":9,"column":null}},"13":{"start":{"line":11,"column":13},"end":{"line":15,"column":null}},"14":{"start":{"line":12,"column":2},"end":{"line":12,"column":null}},"15":{"start":{"line":12,"column":10},"end":{"line":12,"column":null}},"16":{"start":{"line":13,"column":12},"end":{"line":13,"column":null}},"17":{"start":{"line":14,"column":2},"end":{"line":14,"column":null}},"18":{"start":{"line":16,"column":13},"end":{"line":20,"column":null}},"19":{"start":{"line":17,"column":2},"end":{"line":17,"column":null}},"20":{"start":{"line":17,"column":10},"end":{"line":17,"column":null}},"21":{"start":{"line":18,"column":12},"end":{"line":18,"column":null}},"22":{"start":{"line":19,"column":2},"end":{"line":19,"column":null}},"23":{"start":{"line":21,"column":13},"end":{"line":21,"column":null}},"24":{"start":{"line":21,"column":31},"end":{"line":21,"column":null}},"25":{"start":{"line":23,"column":13},"end":{"line":24,"column":null}},"26":{"start":{"line":24,"column":2},"end":{"line":24,"column":null}},"27":{"start":{"line":24,"column":38},"end":{"line":24,"column":61}},"28":{"start":{"line":26,"column":13},"end":{"line":31,"column":null}},"29":{"start":{"line":27,"column":12},"end":{"line":27,"column":null}},"30":{"start":{"line":28,"column":12},"end":{"line":28,"column":null}},"31":{"start":{"line":29,"column":12},"end":{"line":29,"column":null}},"32":{"start":{"line":29,"column":36},"end":{"line":29,"column":54}},"33":{"start":{"line":30,"column":2},"end":{"line":30,"column":null}},"34":{"start":{"line":34,"column":2},"end":{"line":34,"column":null}},"35":{"start":{"line":34,"column":23},"end":{"line":34,"column":null}},"36":{"start":{"line":35,"column":13},"end":{"line":35,"column":null}},"37":{"start":{"line":36,"column":14},"end":{"line":36,"column":null}},"38":{"start":{"line":38,"column":14},"end":{"line":38,"column":35}},"39":{"start":{"line":38,"column":39},"end":{"line":38,"column":67}},"40":{"start":{"line":38,"column":71},"end":{"line":38,"column":null}},"41":{"start":{"line":39,"column":12},"end":{"line":39,"column":null}},"42":{"start":{"line":40,"column":4},"end":{"line":40,"column":null}},"43":{"start":{"line":40,"column":15},"end":{"line":40,"column":null}},"44":{"start":{"line":41,"column":4},"end":{"line":44,"column":null}},"45":{"start":{"line":41,"column":15},"end":{"line":41,"column":null}},"46":{"start":{"line":42,"column":9},"end":{"line":44,"column":null}},"47":{"start":{"line":42,"column":22},"end":{"line":42,"column":null}},"48":{"start":{"line":43,"column":9},"end":{"line":44,"column":null}},"49":{"start":{"line":43,"column":29},"end":{"line":43,"column":null}},"50":{"start":{"line":44,"column":9},"end":{"line":44,"column":null}},"51":{"start":{"line":44,"column":20},"end":{"line":44,"column":null}},"52":{"start":{"line":45,"column":4},"end":{"line":45,"column":null}},"53":{"start":{"line":47,"column":15},"end":{"line":47,"column":19}},"54":{"start":{"line":47,"column":27},"end":{"line":47,"column":null}},"55":{"start":{"line":48,"column":2},"end":{"line":48,"column":null}},"56":{"start":{"line":48,"column":18},"end":{"line":48,"column":42}},"57":{"start":{"line":48,"column":42},"end":{"line":48,"column":68}},"58":{"start":{"line":49,"column":11},"end":{"line":52,"column":null}},"59":{"start":{"line":50,"column":19},"end":{"line":50,"column":null}},"60":{"start":{"line":51,"column":4},"end":{"line":51,"column":null}},"61":{"start":{"line":53,"column":2},"end":{"line":53,"column":null}}},"fnMap":{"0":{"name":"(anonymous_0)","decl":{"start":{"line":3,"column":13},"end":{"line":3,"column":22}},"loc":{"start":{"line":3,"column":29},"end":{"line":3,"column":null}},"line":3},"1":{"name":"(anonymous_1)","decl":{"start":{"line":4,"column":13},"end":{"line":4,"column":22}},"loc":{"start":{"line":4,"column":28},"end":{"line":10,"column":null}},"line":4},"2":{"name":"(anonymous_2)","decl":{"start":{"line":11,"column":13},"end":{"line":11,"column":22}},"loc":{"start":{"line":11,"column":28},"end":{"line":15,"column":null}},"line":11},"3":{"name":"(anonymous_3)","decl":{"start":{"line":16,"column":13},"end":{"line":16,"column":22}},"loc":{"start":{"line":16,"column":28},"end":{"line":20,"column":null}},"line":16},"4":{"name":"(anonymous_4)","decl":{"start":{"line":21,"column":13},"end":{"line":21,"column":22}},"loc":{"start":{"line":21,"column":31},"end":{"line":21,"column":null}},"line":21},"5":{"name":"(anonymous_5)","decl":{"start":{"line":23,"column":13},"end":{"line":23,"column":23}},"loc":{"start":{"line":24,"column":2},"end":{"line":24,"column":null}},"line":24},"6":{"name":"(anonymous_6)","decl":{"start":{"line":24,"column":26},"end":{"line":24,"column":33}},"loc":{"start":{"line":24,"column":38},"end":{"line":24,"column":61}},"line":24},"7":{"name":"(anonymous_7)","decl":{"start":{"line":26,"column":13},"end":{"line":26,"column":23}},"loc":{"start":{"line":26,"column":38},"end":{"line":31,"column":null}},"line":26},"8":{"name":"(anonymous_8)","decl":{"start":{"line":29,"column":24},"end":{"line":29,"column":31}},"loc":{"start":{"line":29,"column":36},"end":{"line":29,"column":54}},"line":29},"9":{"name":"soThanhChu","decl":{"start":{"line":33,"column":16},"end":{"line":33,"column":27}},"loc":{"start":{"line":33,"column":31},"end":{"line":54,"column":null}},"line":33},"10":{"name":"docNhom","decl":{"start":{"line":37,"column":11},"end":{"line":37,"column":19}},"loc":{"start":{"line":37,"column":22},"end":{"line":46,"column":null}},"line":37},"11":{"name":"(anonymous_11)","decl":{"start":{"line":49,"column":16},"end":{"line":49,"column":21}},"loc":{"start":{"line":49,"column":30},"end":{"line":52,"column":3}},"line":49}},"branchMap":{"0":{"loc":{"start":{"line":3,"column":29},"end":{"line":3,"column":null}},"type":"cond-expr","locations":[{"start":{"line":3,"column":46},"end":{"line":3,"column":52}},{"start":{"line":3,"column":52},"end":{"line":3,"column":null}}],"line":3},"1":{"loc":{"start":{"line":3,"column":29},"end":{"line":3,"column":46}},"type":"binary-expr","locations":[{"start":{"line":3,"column":29},"end":{"line":3,"column":35}},{"start":{"line":3,"column":35},"end":{"line":3,"column":46}}],"line":3},"2":{"loc":{"start":{"line":5,"column":2},"end":{"line":5,"column":null}},"type":"if","locations":[{"start":{"line":5,"column":2},"end":{"line":5,"column":null}},{"start":{},"end":{}}],"line":5},"3":{"loc":{"start":{"line":6,"column":2},"end":{"line":6,"column":null}},"type":"if","locations":[{"start":{"line":6,"column":2},"end":{"line":6,"column":null}},{"start":{},"end":{}}],"line":6},"4":{"loc":{"start":{"line":7,"column":2},"end":{"line":7,"column":null}},"type":"if","locations":[{"start":{"line":7,"column":2},"end":{"line":7,"column":null}},{"start":{},"end":{}}],"line":7},"5":{"loc":{"start":{"line":8,"column":2},"end":{"line":8,"column":null}},"type":"if","locations":[{"start":{"line":8,"column":2},"end":{"line":8,"column":null}},{"start":{},"end":{}}],"line":8},"6":{"loc":{"start":{"line":12,"column":2},"end":{"line":12,"column":null}},"type":"if","locations":[{"start":{"line":12,"column":2},"end":{"line":12,"column":null}},{"start":{},"end":{}}],"line":12},"7":{"loc":{"start":{"line":17,"column":2},"end":{"line":17,"column":null}},"type":"if","locations":[{"start":{"line":17,"column":2},"end":{"line":17,"column":null}},{"start":{},"end":{}}],"line":17},"8":{"loc":{"start":{"line":21,"column":31},"end":{"line":21,"column":null}},"type":"cond-expr","locations":[{"start":{"line":21,"column":36},"end":{"line":21,"column":40}},{"start":{"line":21,"column":40},"end":{"line":21,"column":null}}],"line":21},"9":{"loc":{"start":{"line":27,"column":12},"end":{"line":27,"column":null}},"type":"cond-expr","locations":[{"start":{"line":27,"column":29},"end":{"line":27,"column":36}},{"start":{"line":27,"column":36},"end":{"line":27,"column":null}}],"line":27},"10":{"loc":{"start":{"line":34,"column":2},"end":{"line":34,"column":null}},"type":"if","locations":[{"start":{"line":34,"column":2},"end":{"line":34,"column":null}},{"start":{},"end":{}}],"line":34},"11":{"loc":{"start":{"line":34,"column":6},"end":{"line":34,"column":23}},"type":"binary-expr","locations":[{"start":{"line":34,"column":6},"end":{"line":34,"column":13}},{"start":{"line":34,"column":13},"end":{"line":34,"column":23}}],"line":34},"12":{"loc":{"start":{"line":40,"column":4},"end":{"line":40,"column":null}},"type":"if","locations":[{"start":{"line":40,"column":4},"end":{"line":40,"column":null}},{"start":{},"end":{}}],"line":40},"13":{"loc":{"start":{"line":41,"column":4},"end":{"line":44,"column":null}},"type":"if","locations":[{"start":{"line":41,"column":4},"end":{"line":44,"column":null}},{"start":{"line":42,"column":9},"end":{"line":44,"column":null}}],"line":41},"14":{"loc":{"start":{"line":41,"column":40},"end":{"line":41,"column":null}},"type":"cond-expr","locations":[{"start":{"line":41,"column":48},"end":{"line":41,"column":56}},{"start":{"line":41,"column":56},"end":{"line":41,"column":null}}],"line":41},"15":{"loc":{"start":{"line":42,"column":9},"end":{"line":44,"column":null}},"type":"if","locations":[{"start":{"line":42,"column":9},"end":{"line":44,"column":null}},{"start":{"line":43,"column":9},"end":{"line":44,"column":null}}],"line":42},"16":{"loc":{"start":{"line":42,"column":38},"end":{"line":42,"column":null}},"type":"cond-expr","locations":[{"start":{"line":42,"column":46},"end":{"line":42,"column":54}},{"start":{"line":42,"column":54},"end":{"line":42,"column":null}}],"line":42},"17":{"loc":{"start":{"line":43,"column":9},"end":{"line":44,"column":null}},"type":"if","locations":[{"start":{"line":43,"column":9},"end":{"line":44,"column":null}},{"start":{"line":44,"column":9},"end":{"line":44,"column":null}}],"line":43},"18":{"loc":{"start":{"line":43,"column":13},"end":{"line":43,"column":29}},"type":"binary-expr","locations":[{"start":{"line":43,"column":13},"end":{"line":43,"column":22}},{"start":{"line":43,"column":22},"end":{"line":43,"column":29}}],"line":43},"19":{"loc":{"start":{"line":44,"column":9},"end":{"line":44,"column":null}},"type":"if","locations":[{"start":{"line":44,"column":9},"end":{"line":44,"column":null}},{"start":{},"end":{}}],"line":44},"20":{"loc":{"start":{"line":51,"column":11},"end":{"line":51,"column":null}},"type":"cond-expr","locations":[{"start":{"line":51,"column":19},"end":{"line":51,"column":63}},{"start":{"line":51,"column":63},"end":{"line":51,"column":null}}],"line":51},"21":{"loc":{"start":{"line":51,"column":33},"end":{"line":51,"column":63}},"type":"cond-expr","locations":[{"start":{"line":51,"column":42},"end":{"line":51,"column":57}},{"start":{"line":51,"column":57},"end":{"line":51,"column":63}}],"line":51}},"s":{"0":1,"1":1,"2":7,"3":1,"4":15,"5":3,"6":12,"7":12,"8":8,"9":8,"10":4,"11":2,"12":2,"13":1,"14":5,"15":3,"16":2,"17":2,"18":1,"19":5,"20":3,"21":2,"22":2,"23":1,"24":8,"25":1,"26":4,"27":4,"28":1,"29":4,"30":4,"31":4,"32":3,"33":4,"34":17,"35":3,"36":14,"37":14,"38":15,"39":15,"40":15,"41":15,"42":15,"43":4,"44":15,"45":3,"46":12,"47":2,"48":10,"49":1,"50":9,"51":7,"52":15,"53":14,"54":14,"55":14,"56":23,"57":23,"58":14,"59":23,"60":23,"61":14},"f":{"0":7,"1":15,"2":5,"3":5,"4":8,"5":4,"6":4,"7":4,"8":3,"9":17,"10":15,"11":23},"b":{"0":[3,4],"1":[7,4],"2":[3,12],"3":[4,8],"4":[4,4],"5":[2,2],"6":[3,2],"7":[3,2],"8":[2,6],"9":[2,2],"10":[3,14],"11":[17,14],"12":[4,11],"13":[3,12],"14":[2,1],"15":[2,10],"16":[1,1],"17":[1,9],"18":[10,8],"19":[7,2],"20":[15,8],"21":[6,9]},"meta":{"lastBranch":22,"lastFunction":12,"lastStatement":62,"seen":{"s:1:23:1:Infinity":0,"s:3:13:3:Infinity":1,"f:3:13:3:22":0,"s:3:29:3:Infinity":2,"b:3:46:3:52:3:52:3:Infinity":0,"b:3:29:3:35:3:35:3:46":1,"s:4:13:10:Infinity":3,"f:4:13:4:22":1,"b:5:2:5:Infinity:undefined:undefined:undefined:undefined":2,"s:5:2:5:Infinity":4,"s:5:10:5:Infinity":5,"b:6:2:6:Infinity:undefined:undefined:undefined:undefined":3,"s:6:2:6:Infinity":6,"s:6:16:6:Infinity":7,"b:7:2:7:Infinity:undefined:undefined:undefined:undefined":4,"s:7:2:7:Infinity":8,"s:7:16:7:Infinity":9,"b:8:2:8:Infinity:undefined:undefined:undefined:undefined":5,"s:8:2:8:Infinity":10,"s:8:16:8:Infinity":11,"s:9:2:9:Infinity":12,"s:11:13:15:Infinity":13,"f:11:13:11:22":2,"b:12:2:12:Infinity:undefined:undefined:undefined:undefined":6,"s:12:2:12:Infinity":14,"s:12:10:12:Infinity":15,"s:13:12:13:Infinity":16,"s:14:2:14:Infinity":17,"s:16:13:20:Infinity":18,"f:16:13:16:22":3,"b:17:2:17:Infinity:undefined:undefined:undefined:undefined":7,"s:17:2:17:Infinity":19,"s:17:10:17:Infinity":20,"s:18:12:18:Infinity":21,"s:19:2:19:Infinity":22,"s:21:13:21:Infinity":23,"f:21:13:21:22":4,"s:21:31:21:Infinity":24,"b:21:36:21:40:21:40:21:Infinity":8,"s:23:13:24:Infinity":25,"f:23:13:23:23":5,"s:24:2:24:Infinity":26,"f:24:26:24:33":6,"s:24:38:24:61":27,"s:26:13:31:Infinity":28,"f:26:13:26:23":7,"s:27:12:27:Infinity":29,"b:27:29:27:36:27:36:27:Infinity":9,"s:28:12:28:Infinity":30,"s:29:12:29:Infinity":31,"f:29:24:29:31":8,"s:29:36:29:54":32,"s:30:2:30:Infinity":33,"f:33:16:33:27":9,"b:34:2:34:Infinity:undefined:undefined:undefined:undefined":10,"s:34:2:34:Infinity":34,"b:34:6:34:13:34:13:34:23":11,"s:34:23:34:Infinity":35,"s:35:13:35:Infinity":36,"s:36:14:36:Infinity":37,"f:37:11:37:19":10,"s:38:14:38:35":38,"s:38:39:38:67":39,"s:38:71:38:Infinity":40,"s:39:12:39:Infinity":41,"b:40:4:40:Infinity:undefined:undefined:undefined:undefined":12,"s:40:4:40:Infinity":42,"s:40:15:40:Infinity":43,"b:41:4:44:Infinity:42:9:44:Infinity":13,"s:41:4:44:Infinity":44,"s:41:15:41:Infinity":45,"b:41:48:41:56:41:56:41:Infinity":14,"b:42:9:44:Infinity:43:9:44:Infinity":15,"s:42:9:44:Infinity":46,"s:42:22:42:Infinity":47,"b:42:46:42:54:42:54:42:Infinity":16,"b:43:9:44:Infinity:44:9:44:Infinity":17,"s:43:9:44:Infinity":48,"b:43:13:43:22:43:22:43:29":18,"s:43:29:43:Infinity":49,"b:44:9:44:Infinity:undefined:undefined:undefined:undefined":19,"s:44:9:44:Infinity":50,"s:44:20:44:Infinity":51,"s:45:4:45:Infinity":52,"s:47:15:47:19":53,"s:47:27:47:Infinity":54,"s:48:2:48:Infinity":55,"s:48:18:48:42":56,"s:48:42:48:68":57,"s:49:11:52:Infinity":58,"f:49:16:49:21":11,"s:50:19:50:Infinity":59,"s:51:4:51:Infinity":60,"b:51:19:51:63:51:63:51:Infinity":20,"b:51:42:51:57:51:57:51:63":21,"s:53:2:53:Infinity":61},"fnNames":{}}}
,"C:\\minhviet-erp\\src\\utils\\importExcel.js": {"path":"C:\\minhviet-erp\\src\\utils\\importExcel.js","statementMap":{"0":{"start":{"line":6,"column":25},"end":{"line":19,"column":null}},"1":{"start":{"line":23,"column":14},"end":{"line":23,"column":null}},"2":{"start":{"line":24,"column":2},"end":{"line":27,"column":null}},"3":{"start":{"line":25,"column":19},"end":{"line":25,"column":null}},"4":{"start":{"line":26,"column":4},"end":{"line":26,"column":null}},"5":{"start":{"line":26,"column":16},"end":{"line":26,"column":null}},"6":{"start":{"line":29,"column":17},"end":{"line":29,"column":null}},"7":{"start":{"line":30,"column":2},"end":{"line":30,"column":null}},"8":{"start":{"line":30,"column":18},"end":{"line":30,"column":null}},"9":{"start":{"line":31,"column":2},"end":{"line":33,"column":null}},"10":{"start":{"line":31,"column":18},"end":{"line":31,"column":null}},"11":{"start":{"line":32,"column":7},"end":{"line":33,"column":null}},"12":{"start":{"line":33,"column":4},"end":{"line":33,"column":null}},"13":{"start":{"line":36,"column":2},"end":{"line":41,"column":null}},"14":{"start":{"line":37,"column":14},"end":{"line":37,"column":null}},"15":{"start":{"line":38,"column":4},"end":{"line":38,"column":null}},"16":{"start":{"line":40,"column":4},"end":{"line":40,"column":null}},"17":{"start":{"line":44,"column":2},"end":{"line":54,"column":null}},"18":{"start":{"line":45,"column":14},"end":{"line":45,"column":null}},"19":{"start":{"line":46,"column":4},"end":{"line":53,"column":null}},"20":{"start":{"line":47,"column":29},"end":{"line":47,"column":null}},"21":{"start":{"line":48,"column":6},"end":{"line":48,"column":null}},"22":{"start":{"line":49,"column":11},"end":{"line":53,"column":null}},"23":{"start":{"line":51,"column":17},"end":{"line":51,"column":null}},"24":{"start":{"line":52,"column":6},"end":{"line":52,"column":null}},"25":{"start":{"line":56,"column":2},"end":{"line":56,"column":null}},"26":{"start":{"line":60,"column":2},"end":{"line":73,"column":null}},"27":{"start":{"line":61,"column":19},"end":{"line":61,"column":null}},"28":{"start":{"line":62,"column":4},"end":{"line":70,"column":null}},"29":{"start":{"line":63,"column":6},"end":{"line":69,"column":null}},"30":{"start":{"line":64,"column":19},"end":{"line":64,"column":null}},"31":{"start":{"line":65,"column":19},"end":{"line":65,"column":null}},"32":{"start":{"line":66,"column":20},"end":{"line":66,"column":null}},"33":{"start":{"line":67,"column":8},"end":{"line":67,"column":null}},"34":{"start":{"line":67,"column":27},"end":{"line":67,"column":40}},"35":{"start":{"line":67,"column":40},"end":{"line":67,"column":48}},"36":{"start":{"line":68,"column":8},"end":{"line":68,"column":null}},"37":{"start":{"line":68,"column":34},"end":{"line":68,"column":56}},"38":{"start":{"line":69,"column":22},"end":{"line":69,"column":35}},"39":{"start":{"line":71,"column":4},"end":{"line":71,"column":null}},"40":{"start":{"line":72,"column":4},"end":{"line":72,"column":null}},"41":{"start":{"line":77,"column":20},"end":{"line":86,"column":null}},"42":{"start":{"line":88,"column":23},"end":{"line":107,"column":null}},"43":{"start":{"line":110,"column":14},"end":{"line":110,"column":null}},"44":{"start":{"line":111,"column":2},"end":{"line":114,"column":null}},"45":{"start":{"line":112,"column":19},"end":{"line":112,"column":null}},"46":{"start":{"line":113,"column":4},"end":{"line":113,"column":null}},"47":{"start":{"line":113,"column":16},"end":{"line":113,"column":null}},"48":{"start":{"line":116,"column":17},"end":{"line":116,"column":null}},"49":{"start":{"line":117,"column":2},"end":{"line":117,"column":null}},"50":{"start":{"line":117,"column":17},"end":{"line":117,"column":null}},"51":{"start":{"line":120,"column":2},"end":{"line":125,"column":null}},"52":{"start":{"line":121,"column":15},"end":{"line":121,"column":null}},"53":{"start":{"line":122,"column":4},"end":{"line":122,"column":null}},"54":{"start":{"line":124,"column":4},"end":{"line":124,"column":null}},"55":{"start":{"line":127,"column":2},"end":{"line":127,"column":null}},"56":{"start":{"line":131,"column":2},"end":{"line":144,"column":null}},"57":{"start":{"line":132,"column":19},"end":{"line":132,"column":null}},"58":{"start":{"line":133,"column":4},"end":{"line":141,"column":null}},"59":{"start":{"line":134,"column":6},"end":{"line":140,"column":null}},"60":{"start":{"line":135,"column":19},"end":{"line":135,"column":null}},"61":{"start":{"line":136,"column":19},"end":{"line":136,"column":null}},"62":{"start":{"line":137,"column":20},"end":{"line":137,"column":null}},"63":{"start":{"line":138,"column":8},"end":{"line":138,"column":null}},"64":{"start":{"line":138,"column":27},"end":{"line":138,"column":40}},"65":{"start":{"line":138,"column":40},"end":{"line":138,"column":48}},"66":{"start":{"line":139,"column":8},"end":{"line":139,"column":null}},"67":{"start":{"line":139,"column":34},"end":{"line":139,"column":51}},"68":{"start":{"line":140,"column":22},"end":{"line":140,"column":35}},"69":{"start":{"line":142,"column":4},"end":{"line":142,"column":null}},"70":{"start":{"line":143,"column":4},"end":{"line":143,"column":null}},"71":{"start":{"line":149,"column":15},"end":{"line":176,"column":null}},"72":{"start":{"line":177,"column":13},"end":{"line":177,"column":null}},"73":{"start":{"line":178,"column":2},"end":{"line":178,"column":null}},"74":{"start":{"line":178,"column":59},"end":{"line":178,"column":67}},"75":{"start":{"line":179,"column":13},"end":{"line":179,"column":null}},"76":{"start":{"line":180,"column":2},"end":{"line":180,"column":null}},"77":{"start":{"line":181,"column":2},"end":{"line":181,"column":null}},"78":{"start":{"line":185,"column":15},"end":{"line":206,"column":null}},"79":{"start":{"line":207,"column":13},"end":{"line":207,"column":null}},"80":{"start":{"line":208,"column":2},"end":{"line":208,"column":null}},"81":{"start":{"line":208,"column":50},"end":{"line":208,"column":58}},"82":{"start":{"line":209,"column":13},"end":{"line":209,"column":null}},"83":{"start":{"line":210,"column":2},"end":{"line":210,"column":null}},"84":{"start":{"line":211,"column":2},"end":{"line":211,"column":null}}},"fnMap":{"0":{"name":"parseCustomerRow","decl":{"start":{"line":22,"column":9},"end":{"line":22,"column":26}},"loc":{"start":{"line":22,"column":39},"end":{"line":57,"column":null}},"line":22},"1":{"name":"(anonymous_1)","decl":{"start":{"line":24,"column":25},"end":{"line":24,"column":34}},"loc":{"start":{"line":24,"column":45},"end":{"line":27,"column":3}},"line":24},"2":{"name":"parseCustomersFromFile","decl":{"start":{"line":59,"column":16},"end":{"line":59,"column":39}},"loc":{"start":{"line":59,"column":45},"end":{"line":74,"column":null}},"line":59},"3":{"name":"(anonymous_3)","decl":{"start":{"line":60,"column":13},"end":{"line":60,"column":22}},"loc":{"start":{"line":60,"column":42},"end":{"line":73,"column":3}},"line":60},"4":{"name":"(anonymous_4)","decl":{"start":{"line":62,"column":11},"end":{"line":62,"column":21}},"loc":{"start":{"line":62,"column":27},"end":{"line":70,"column":null}},"line":62},"5":{"name":"(anonymous_5)","decl":{"start":{"line":68,"column":20},"end":{"line":68,"column":25}},"loc":{"start":{"line":68,"column":34},"end":{"line":68,"column":56}},"line":68},"6":{"name":"parseNccRow","decl":{"start":{"line":109,"column":9},"end":{"line":109,"column":21}},"loc":{"start":{"line":109,"column":34},"end":{"line":128,"column":null}},"line":109},"7":{"name":"(anonymous_7)","decl":{"start":{"line":111,"column":25},"end":{"line":111,"column":34}},"loc":{"start":{"line":111,"column":45},"end":{"line":114,"column":3}},"line":111},"8":{"name":"parseNccFromFile","decl":{"start":{"line":130,"column":16},"end":{"line":130,"column":33}},"loc":{"start":{"line":130,"column":39},"end":{"line":145,"column":null}},"line":130},"9":{"name":"(anonymous_9)","decl":{"start":{"line":131,"column":13},"end":{"line":131,"column":22}},"loc":{"start":{"line":131,"column":42},"end":{"line":144,"column":3}},"line":131},"10":{"name":"(anonymous_10)","decl":{"start":{"line":133,"column":11},"end":{"line":133,"column":21}},"loc":{"start":{"line":133,"column":27},"end":{"line":141,"column":null}},"line":133},"11":{"name":"(anonymous_11)","decl":{"start":{"line":139,"column":20},"end":{"line":139,"column":25}},"loc":{"start":{"line":139,"column":34},"end":{"line":139,"column":51}},"line":139},"12":{"name":"downloadCustomerTemplate","decl":{"start":{"line":148,"column":16},"end":{"line":148,"column":43}},"loc":{"start":{"line":148,"column":43},"end":{"line":182,"column":null}},"line":148},"13":{"name":"(anonymous_13)","decl":{"start":{"line":178,"column":51},"end":{"line":178,"column":55}},"loc":{"start":{"line":178,"column":59},"end":{"line":178,"column":67}},"line":178},"14":{"name":"downloadNccTemplate","decl":{"start":{"line":184,"column":16},"end":{"line":184,"column":38}},"loc":{"start":{"line":184,"column":38},"end":{"line":212,"column":null}},"line":184},"15":{"name":"(anonymous_15)","decl":{"start":{"line":208,"column":42},"end":{"line":208,"column":46}},"loc":{"start":{"line":208,"column":50},"end":{"line":208,"column":58}},"line":208}},"branchMap":{"0":{"loc":{"start":{"line":26,"column":4},"end":{"line":26,"column":null}},"type":"if","locations":[{"start":{"line":26,"column":4},"end":{"line":26,"column":null}},{"start":{},"end":{}}],"line":26},"1":{"loc":{"start":{"line":26,"column":37},"end":{"line":26,"column":44}},"type":"binary-expr","locations":[{"start":{"line":26,"column":37},"end":{"line":26,"column":42}},{"start":{"line":26,"column":42},"end":{"line":26,"column":44}}],"line":26},"2":{"loc":{"start":{"line":30,"column":2},"end":{"line":30,"column":null}},"type":"if","locations":[{"start":{"line":30,"column":2},"end":{"line":30,"column":null}},{"start":{},"end":{}}],"line":30},"3":{"loc":{"start":{"line":31,"column":2},"end":{"line":33,"column":null}},"type":"if","locations":[{"start":{"line":31,"column":2},"end":{"line":33,"column":null}},{"start":{"line":32,"column":7},"end":{"line":33,"column":null}}],"line":31},"4":{"loc":{"start":{"line":32,"column":7},"end":{"line":33,"column":null}},"type":"if","locations":[{"start":{"line":32,"column":7},"end":{"line":33,"column":null}},{"start":{},"end":{}}],"line":32},"5":{"loc":{"start":{"line":36,"column":2},"end":{"line":41,"column":null}},"type":"if","locations":[{"start":{"line":36,"column":2},"end":{"line":41,"column":null}},{"start":{"line":39,"column":9},"end":{"line":41,"column":null}}],"line":36},"6":{"loc":{"start":{"line":38,"column":15},"end":{"line":38,"column":null}},"type":"cond-expr","locations":[{"start":{"line":38,"column":81},"end":{"line":38,"column":93}},{"start":{"line":38,"column":93},"end":{"line":38,"column":null}}],"line":38},"7":{"loc":{"start":{"line":38,"column":15},"end":{"line":38,"column":81}},"type":"binary-expr","locations":[{"start":{"line":38,"column":15},"end":{"line":38,"column":34}},{"start":{"line":38,"column":34},"end":{"line":38,"column":57}},{"start":{"line":38,"column":57},"end":{"line":38,"column":81}}],"line":38},"8":{"loc":{"start":{"line":44,"column":2},"end":{"line":54,"column":null}},"type":"if","locations":[{"start":{"line":44,"column":2},"end":{"line":54,"column":null}},{"start":{},"end":{}}],"line":44},"9":{"loc":{"start":{"line":46,"column":4},"end":{"line":53,"column":null}},"type":"if","locations":[{"start":{"line":46,"column":4},"end":{"line":53,"column":null}},{"start":{"line":49,"column":11},"end":{"line":53,"column":null}}],"line":46},"10":{"loc":{"start":{"line":49,"column":11},"end":{"line":53,"column":null}},"type":"if","locations":[{"start":{"line":49,"column":11},"end":{"line":53,"column":null}},{"start":{},"end":{}}],"line":49},"11":{"loc":{"start":{"line":67,"column":8},"end":{"line":67,"column":null}},"type":"if","locations":[{"start":{"line":67,"column":8},"end":{"line":67,"column":null}},{"start":{},"end":{}}],"line":67},"12":{"loc":{"start":{"line":113,"column":4},"end":{"line":113,"column":null}},"type":"if","locations":[{"start":{"line":113,"column":4},"end":{"line":113,"column":null}},{"start":{},"end":{}}],"line":113},"13":{"loc":{"start":{"line":113,"column":37},"end":{"line":113,"column":44}},"type":"binary-expr","locations":[{"start":{"line":113,"column":37},"end":{"line":113,"column":42}},{"start":{"line":113,"column":42},"end":{"line":113,"column":44}}],"line":113},"14":{"loc":{"start":{"line":117,"column":2},"end":{"line":117,"column":null}},"type":"if","locations":[{"start":{"line":117,"column":2},"end":{"line":117,"column":null}},{"start":{},"end":{}}],"line":117},"15":{"loc":{"start":{"line":120,"column":2},"end":{"line":125,"column":null}},"type":"if","locations":[{"start":{"line":120,"column":2},"end":{"line":125,"column":null}},{"start":{"line":123,"column":9},"end":{"line":125,"column":null}}],"line":120},"16":{"loc":{"start":{"line":122,"column":14},"end":{"line":122,"column":null}},"type":"binary-expr","locations":[{"start":{"line":122,"column":14},"end":{"line":122,"column":36}},{"start":{"line":122,"column":36},"end":{"line":122,"column":null}}],"line":122},"17":{"loc":{"start":{"line":138,"column":8},"end":{"line":138,"column":null}},"type":"if","locations":[{"start":{"line":138,"column":8},"end":{"line":138,"column":null}},{"start":{},"end":{}}],"line":138}},"s":{"0":1,"1":13,"2":13,"3":31,"4":31,"5":30,"6":13,"7":13,"8":1,"9":13,"10":1,"11":12,"12":1,"13":13,"14":3,"15":3,"16":10,"17":13,"18":3,"19":3,"20":1,"21":1,"22":2,"23":1,"24":1,"25":13,"26":16,"27":16,"28":16,"29":15,"30":15,"31":15,"32":15,"33":15,"34":1,"35":1,"36":13,"37":13,"38":1,"39":16,"40":16,"41":1,"42":1,"43":6,"44":6,"45":10,"46":10,"47":9,"48":6,"49":6,"50":1,"51":6,"52":4,"53":4,"54":2,"55":6,"56":9,"57":9,"58":9,"59":8,"60":8,"61":8,"62":8,"63":8,"64":1,"65":1,"66":6,"67":6,"68":1,"69":9,"70":9,"71":1,"72":1,"73":1,"74":11,"75":1,"76":1,"77":1,"78":1,"79":1,"80":1,"81":8,"82":1,"83":1,"84":1},"f":{"0":13,"1":31,"2":16,"3":16,"4":15,"5":13,"6":6,"7":10,"8":9,"9":9,"10":8,"11":6,"12":1,"13":11,"14":1,"15":8},"b":{"0":[30,1],"1":[30,0],"2":[1,12],"3":[1,12],"4":[1,11],"5":[3,10],"6":[3,0],"7":[3,2,1],"8":[3,10],"9":[1,2],"10":[1,1],"11":[1,14],"12":[9,1],"13":[9,0],"14":[1,5],"15":[4,2],"16":[4,1],"17":[1,7]},"meta":{"lastBranch":18,"lastFunction":16,"lastStatement":85,"seen":{"s:6:25:19:Infinity":0,"f:22:9:22:26":0,"s:23:14:23:Infinity":1,"s:24:2:27:Infinity":2,"f:24:25:24:34":1,"s:25:19:25:Infinity":3,"b:26:4:26:Infinity:undefined:undefined:undefined:undefined":0,"s:26:4:26:Infinity":4,"s:26:16:26:Infinity":5,"b:26:37:26:42:26:42:26:44":1,"s:29:17:29:Infinity":6,"b:30:2:30:Infinity:undefined:undefined:undefined:undefined":2,"s:30:2:30:Infinity":7,"s:30:18:30:Infinity":8,"b:31:2:33:Infinity:32:7:33:Infinity":3,"s:31:2:33:Infinity":9,"s:31:18:31:Infinity":10,"b:32:7:33:Infinity:undefined:undefined:undefined:undefined":4,"s:32:7:33:Infinity":11,"s:33:4:33:Infinity":12,"b:36:2:41:Infinity:39:9:41:Infinity":5,"s:36:2:41:Infinity":13,"s:37:14:37:Infinity":14,"s:38:4:38:Infinity":15,"b:38:81:38:93:38:93:38:Infinity":6,"b:38:15:38:34:38:34:38:57:38:57:38:81":7,"s:40:4:40:Infinity":16,"b:44:2:54:Infinity:undefined:undefined:undefined:undefined":8,"s:44:2:54:Infinity":17,"s:45:14:45:Infinity":18,"b:46:4:53:Infinity:49:11:53:Infinity":9,"s:46:4:53:Infinity":19,"s:47:29:47:Infinity":20,"s:48:6:48:Infinity":21,"b:49:11:53:Infinity:undefined:undefined:undefined:undefined":10,"s:49:11:53:Infinity":22,"s:51:17:51:Infinity":23,"s:52:6:52:Infinity":24,"s:56:2:56:Infinity":25,"f:59:16:59:39":2,"s:60:2:73:Infinity":26,"f:60:13:60:22":3,"s:61:19:61:Infinity":27,"s:62:4:70:Infinity":28,"f:62:11:62:21":4,"s:63:6:69:Infinity":29,"s:64:19:64:Infinity":30,"s:65:19:65:Infinity":31,"s:66:20:66:Infinity":32,"b:67:8:67:Infinity:undefined:undefined:undefined:undefined":11,"s:67:8:67:Infinity":33,"s:67:27:67:40":34,"s:67:40:67:48":35,"s:68:8:68:Infinity":36,"f:68:20:68:25":5,"s:68:34:68:56":37,"s:69:22:69:35":38,"s:71:4:71:Infinity":39,"s:72:4:72:Infinity":40,"s:77:20:86:Infinity":41,"s:88:23:107:Infinity":42,"f:109:9:109:21":6,"s:110:14:110:Infinity":43,"s:111:2:114:Infinity":44,"f:111:25:111:34":7,"s:112:19:112:Infinity":45,"b:113:4:113:Infinity:undefined:undefined:undefined:undefined":12,"s:113:4:113:Infinity":46,"s:113:16:113:Infinity":47,"b:113:37:113:42:113:42:113:44":13,"s:116:17:116:Infinity":48,"b:117:2:117:Infinity:undefined:undefined:undefined:undefined":14,"s:117:2:117:Infinity":49,"s:117:17:117:Infinity":50,"b:120:2:125:Infinity:123:9:125:Infinity":15,"s:120:2:125:Infinity":51,"s:121:15:121:Infinity":52,"s:122:4:122:Infinity":53,"b:122:14:122:36:122:36:122:Infinity":16,"s:124:4:124:Infinity":54,"s:127:2:127:Infinity":55,"f:130:16:130:33":8,"s:131:2:144:Infinity":56,"f:131:13:131:22":9,"s:132:19:132:Infinity":57,"s:133:4:141:Infinity":58,"f:133:11:133:21":10,"s:134:6:140:Infinity":59,"s:135:19:135:Infinity":60,"s:136:19:136:Infinity":61,"s:137:20:137:Infinity":62,"b:138:8:138:Infinity:undefined:undefined:undefined:undefined":17,"s:138:8:138:Infinity":63,"s:138:27:138:40":64,"s:138:40:138:48":65,"s:139:8:139:Infinity":66,"f:139:20:139:25":11,"s:139:34:139:51":67,"s:140:22:140:35":68,"s:142:4:142:Infinity":69,"s:143:4:143:Infinity":70,"f:148:16:148:43":12,"s:149:15:176:Infinity":71,"s:177:13:177:Infinity":72,"s:178:2:178:Infinity":73,"f:178:51:178:55":13,"s:178:59:178:67":74,"s:179:13:179:Infinity":75,"s:180:2:180:Infinity":76,"s:181:2:181:Infinity":77,"f:184:16:184:38":14,"s:185:15:206:Infinity":78,"s:207:13:207:Infinity":79,"s:208:2:208:Infinity":80,"f:208:42:208:46":15,"s:208:50:208:58":81,"s:209:13:209:Infinity":82,"s:210:2:210:Infinity":83,"s:211:2:211:Infinity":84},"fnNames":{}}}
,"C:\\minhviet-erp\\src\\utils\\report.js": {"path":"C:\\minhviet-erp\\src\\utils\\report.js","statementMap":{"0":{"start":{"line":4,"column":18},"end":{"line":15,"column":null}},"1":{"start":{"line":18,"column":6},"end":{"line":18,"column":null}},"2":{"start":{"line":18,"column":24},"end":{"line":18,"column":null}},"3":{"start":{"line":19,"column":6},"end":{"line":19,"column":null}},"4":{"start":{"line":19,"column":24},"end":{"line":19,"column":null}},"5":{"start":{"line":20,"column":6},"end":{"line":20,"column":null}},"6":{"start":{"line":20,"column":26},"end":{"line":20,"column":49}},"7":{"start":{"line":20,"column":36},"end":{"line":20,"column":49}},"8":{"start":{"line":20,"column":59},"end":{"line":20,"column":76}},"9":{"start":{"line":20,"column":76},"end":{"line":20,"column":123}},"10":{"start":{"line":22,"column":15},"end":{"line":22,"column":null}},"11":{"start":{"line":24,"column":23},"end":{"line":24,"column":57}},"12":{"start":{"line":25,"column":19},"end":{"line":25,"column":64}},"13":{"start":{"line":26,"column":19},"end":{"line":26,"column":64}},"14":{"start":{"line":27,"column":19},"end":{"line":27,"column":64}},"15":{"start":{"line":30,"column":12},"end":{"line":30,"column":null}},"16":{"start":{"line":31,"column":2},"end":{"line":31,"column":null}},"17":{"start":{"line":31,"column":35},"end":{"line":31,"column":null}},"18":{"start":{"line":32,"column":2},"end":{"line":32,"column":null}},"19":{"start":{"line":37,"column":14},"end":{"line":37,"column":null}},"20":{"start":{"line":38,"column":2},"end":{"line":41,"column":null}},"21":{"start":{"line":38,"column":15},"end":{"line":38,"column":18}},"22":{"start":{"line":39,"column":16},"end":{"line":39,"column":null}},"23":{"start":{"line":40,"column":4},"end":{"line":40,"column":null}},"24":{"start":{"line":42,"column":2},"end":{"line":46,"column":null}},"25":{"start":{"line":42,"column":21},"end":{"line":42,"column":88}},"26":{"start":{"line":44,"column":16},"end":{"line":44,"column":null}},"27":{"start":{"line":45,"column":6},"end":{"line":45,"column":null}},"28":{"start":{"line":45,"column":20},"end":{"line":45,"column":46}},"29":{"start":{"line":45,"column":46},"end":{"line":45,"column":70}},"30":{"start":{"line":45,"column":70},"end":{"line":45,"column":95}},"31":{"start":{"line":45,"column":95},"end":{"line":45,"column":111}},"32":{"start":{"line":47,"column":2},"end":{"line":47,"column":null}},"33":{"start":{"line":52,"column":14},"end":{"line":52,"column":null}},"34":{"start":{"line":53,"column":2},"end":{"line":56,"column":null}},"35":{"start":{"line":53,"column":15},"end":{"line":53,"column":18}},"36":{"start":{"line":54,"column":16},"end":{"line":54,"column":null}},"37":{"start":{"line":55,"column":4},"end":{"line":55,"column":null}},"38":{"start":{"line":57,"column":2},"end":{"line":61,"column":null}},"39":{"start":{"line":57,"column":21},"end":{"line":57,"column":88}},"40":{"start":{"line":59,"column":16},"end":{"line":59,"column":null}},"41":{"start":{"line":60,"column":6},"end":{"line":60,"column":null}},"42":{"start":{"line":60,"column":20},"end":{"line":60,"column":46}},"43":{"start":{"line":60,"column":46},"end":{"line":60,"column":70}},"44":{"start":{"line":60,"column":70},"end":{"line":60,"column":95}},"45":{"start":{"line":60,"column":95},"end":{"line":60,"column":111}},"46":{"start":{"line":62,"column":2},"end":{"line":62,"column":null}},"47":{"start":{"line":67,"column":14},"end":{"line":67,"column":null}},"48":{"start":{"line":68,"column":2},"end":{"line":72,"column":null}},"49":{"start":{"line":69,"column":14},"end":{"line":69,"column":null}},"50":{"start":{"line":70,"column":4},"end":{"line":70,"column":null}},"51":{"start":{"line":70,"column":17},"end":{"line":70,"column":null}},"52":{"start":{"line":71,"column":4},"end":{"line":71,"column":30}},"53":{"start":{"line":71,"column":30},"end":{"line":71,"column":54}},"54":{"start":{"line":71,"column":54},"end":{"line":71,"column":79}},"55":{"start":{"line":71,"column":79},"end":{"line":71,"column":null}},"56":{"start":{"line":73,"column":2},"end":{"line":73,"column":null}},"57":{"start":{"line":73,"column":42},"end":{"line":73,"column":70}},"58":{"start":{"line":78,"column":14},"end":{"line":78,"column":null}},"59":{"start":{"line":79,"column":2},"end":{"line":83,"column":null}},"60":{"start":{"line":80,"column":14},"end":{"line":80,"column":null}},"61":{"start":{"line":81,"column":4},"end":{"line":81,"column":null}},"62":{"start":{"line":81,"column":17},"end":{"line":81,"column":null}},"63":{"start":{"line":82,"column":4},"end":{"line":82,"column":30}},"64":{"start":{"line":82,"column":30},"end":{"line":82,"column":54}},"65":{"start":{"line":82,"column":54},"end":{"line":82,"column":79}},"66":{"start":{"line":82,"column":79},"end":{"line":82,"column":null}},"67":{"start":{"line":84,"column":2},"end":{"line":84,"column":null}},"68":{"start":{"line":84,"column":42},"end":{"line":84,"column":63}},"69":{"start":{"line":89,"column":14},"end":{"line":89,"column":null}},"70":{"start":{"line":90,"column":15},"end":{"line":90,"column":null}},"71":{"start":{"line":91,"column":2},"end":{"line":97,"column":null}},"72":{"start":{"line":91,"column":21},"end":{"line":92,"column":null}},"73":{"start":{"line":94,"column":14},"end":{"line":94,"column":null}},"74":{"start":{"line":95,"column":4},"end":{"line":95,"column":null}},"75":{"start":{"line":95,"column":17},"end":{"line":95,"column":null}},"76":{"start":{"line":96,"column":4},"end":{"line":96,"column":30}},"77":{"start":{"line":96,"column":30},"end":{"line":96,"column":55}},"78":{"start":{"line":96,"column":55},"end":{"line":96,"column":null}},"79":{"start":{"line":99,"column":2},"end":{"line":104,"column":null}},"80":{"start":{"line":99,"column":38},"end":{"line":99,"column":63}},"81":{"start":{"line":100,"column":18},"end":{"line":100,"column":null}},"82":{"start":{"line":102,"column":16},"end":{"line":102,"column":null}},"83":{"start":{"line":102,"column":43},"end":{"line":102,"column":88}},"84":{"start":{"line":103,"column":4},"end":{"line":103,"column":null}},"85":{"start":{"line":103,"column":13},"end":{"line":103,"column":null}},"86":{"start":{"line":105,"column":2},"end":{"line":105,"column":null}},"87":{"start":{"line":105,"column":42},"end":{"line":105,"column":63}},"88":{"start":{"line":110,"column":2},"end":{"line":133,"column":null}},"89":{"start":{"line":111,"column":17},"end":{"line":111,"column":62}},"90":{"start":{"line":113,"column":19},"end":{"line":115,"column":null}},"91":{"start":{"line":114,"column":21},"end":{"line":114,"column":86}},"92":{"start":{"line":115,"column":25},"end":{"line":115,"column":47}},"93":{"start":{"line":116,"column":20},"end":{"line":116,"column":null}},"94":{"start":{"line":117,"column":19},"end":{"line":117,"column":null}},"95":{"start":{"line":118,"column":6},"end":{"line":130,"column":null}},"96":{"start":{"line":132,"column":17},"end":{"line":132,"column":27}},"97":{"start":{"line":133,"column":19},"end":{"line":133,"column":34}},"98":{"start":{"line":137,"column":6},"end":{"line":137,"column":null}},"99":{"start":{"line":137,"column":20},"end":{"line":137,"column":null}},"100":{"start":{"line":138,"column":6},"end":{"line":138,"column":null}},"101":{"start":{"line":138,"column":24},"end":{"line":138,"column":null}},"102":{"start":{"line":141,"column":15},"end":{"line":148,"column":null}},"103":{"start":{"line":141,"column":30},"end":{"line":148,"column":4}},"104":{"start":{"line":149,"column":13},"end":{"line":149,"column":null}},"105":{"start":{"line":150,"column":2},"end":{"line":150,"column":null}},"106":{"start":{"line":150,"column":45},"end":{"line":150,"column":56}},"107":{"start":{"line":151,"column":13},"end":{"line":151,"column":null}},"108":{"start":{"line":152,"column":2},"end":{"line":152,"column":null}},"109":{"start":{"line":153,"column":2},"end":{"line":153,"column":null}},"110":{"start":{"line":157,"column":15},"end":{"line":164,"column":null}},"111":{"start":{"line":157,"column":30},"end":{"line":164,"column":4}},"112":{"start":{"line":165,"column":13},"end":{"line":165,"column":null}},"113":{"start":{"line":166,"column":2},"end":{"line":166,"column":null}},"114":{"start":{"line":166,"column":45},"end":{"line":166,"column":56}},"115":{"start":{"line":167,"column":13},"end":{"line":167,"column":null}},"116":{"start":{"line":168,"column":2},"end":{"line":168,"column":null}},"117":{"start":{"line":169,"column":2},"end":{"line":169,"column":null}},"118":{"start":{"line":173,"column":15},"end":{"line":180,"column":null}},"119":{"start":{"line":173,"column":30},"end":{"line":180,"column":4}},"120":{"start":{"line":181,"column":13},"end":{"line":181,"column":null}},"121":{"start":{"line":182,"column":2},"end":{"line":182,"column":null}},"122":{"start":{"line":182,"column":45},"end":{"line":182,"column":56}},"123":{"start":{"line":183,"column":13},"end":{"line":183,"column":null}},"124":{"start":{"line":184,"column":2},"end":{"line":184,"column":null}},"125":{"start":{"line":185,"column":2},"end":{"line":185,"column":null}},"126":{"start":{"line":189,"column":15},"end":{"line":200,"column":null}},"127":{"start":{"line":189,"column":30},"end":{"line":200,"column":4}},"128":{"start":{"line":201,"column":13},"end":{"line":201,"column":null}},"129":{"start":{"line":202,"column":2},"end":{"line":202,"column":null}},"130":{"start":{"line":202,"column":58},"end":{"line":202,"column":69}},"131":{"start":{"line":203,"column":13},"end":{"line":203,"column":null}},"132":{"start":{"line":204,"column":2},"end":{"line":204,"column":null}},"133":{"start":{"line":205,"column":2},"end":{"line":205,"column":null}},"134":{"start":{"line":210,"column":13},"end":{"line":210,"column":null}},"135":{"start":{"line":213,"column":18},"end":{"line":217,"column":null}},"136":{"start":{"line":213,"column":53},"end":{"line":217,"column":4}},"137":{"start":{"line":218,"column":14},"end":{"line":218,"column":null}},"138":{"start":{"line":219,"column":2},"end":{"line":219,"column":null}},"139":{"start":{"line":219,"column":45},"end":{"line":219,"column":56}},"140":{"start":{"line":220,"column":2},"end":{"line":220,"column":null}},"141":{"start":{"line":223,"column":14},"end":{"line":227,"column":null}},"142":{"start":{"line":223,"column":45},"end":{"line":227,"column":4}},"143":{"start":{"line":228,"column":2},"end":{"line":228,"column":null}},"144":{"start":{"line":231,"column":15},"end":{"line":235,"column":null}},"145":{"start":{"line":231,"column":72},"end":{"line":235,"column":4}},"146":{"start":{"line":236,"column":2},"end":{"line":236,"column":null}},"147":{"start":{"line":239,"column":15},"end":{"line":244,"column":null}},"148":{"start":{"line":239,"column":55},"end":{"line":244,"column":4}},"149":{"start":{"line":245,"column":2},"end":{"line":245,"column":null}},"150":{"start":{"line":247,"column":2},"end":{"line":247,"column":null}}},"fnMap":{"0":{"name":"(anonymous_0)","decl":{"start":{"line":18,"column":6},"end":{"line":18,"column":16}},"loc":{"start":{"line":18,"column":24},"end":{"line":18,"column":null}},"line":18},"1":{"name":"(anonymous_1)","decl":{"start":{"line":19,"column":6},"end":{"line":19,"column":16}},"loc":{"start":{"line":19,"column":24},"end":{"line":19,"column":null}},"line":19},"2":{"name":"(anonymous_2)","decl":{"start":{"line":20,"column":6},"end":{"line":20,"column":16}},"loc":{"start":{"line":20,"column":24},"end":{"line":20,"column":null}},"line":20},"3":{"name":"isActive","decl":{"start":{"line":24,"column":9},"end":{"line":24,"column":18}},"loc":{"start":{"line":24,"column":21},"end":{"line":24,"column":null}},"line":24},"4":{"name":"rev","decl":{"start":{"line":25,"column":9},"end":{"line":25,"column":13}},"loc":{"start":{"line":25,"column":17},"end":{"line":25,"column":null}},"line":25},"5":{"name":"cost","decl":{"start":{"line":26,"column":9},"end":{"line":26,"column":14}},"loc":{"start":{"line":26,"column":17},"end":{"line":26,"column":null}},"line":26},"6":{"name":"pft","decl":{"start":{"line":27,"column":9},"end":{"line":27,"column":13}},"loc":{"start":{"line":27,"column":17},"end":{"line":27,"column":null}},"line":27},"7":{"name":"orderTotal","decl":{"start":{"line":29,"column":9},"end":{"line":29,"column":20}},"loc":{"start":{"line":29,"column":23},"end":{"line":33,"column":null}},"line":29},"8":{"name":"aggByMonth","decl":{"start":{"line":36,"column":16},"end":{"line":36,"column":27}},"loc":{"start":{"line":36,"column":41},"end":{"line":48,"column":null}},"line":36},"9":{"name":"(anonymous_9)","decl":{"start":{"line":42,"column":9},"end":{"line":42,"column":16}},"loc":{"start":{"line":42,"column":21},"end":{"line":42,"column":88}},"line":42},"10":{"name":"(anonymous_10)","decl":{"start":{"line":43,"column":5},"end":{"line":43,"column":13}},"loc":{"start":{"line":43,"column":18},"end":{"line":46,"column":5}},"line":43},"11":{"name":"aggByQuarter","decl":{"start":{"line":51,"column":16},"end":{"line":51,"column":29}},"loc":{"start":{"line":51,"column":43},"end":{"line":63,"column":null}},"line":51},"12":{"name":"(anonymous_12)","decl":{"start":{"line":57,"column":9},"end":{"line":57,"column":16}},"loc":{"start":{"line":57,"column":21},"end":{"line":57,"column":88}},"line":57},"13":{"name":"(anonymous_13)","decl":{"start":{"line":58,"column":5},"end":{"line":58,"column":13}},"loc":{"start":{"line":58,"column":18},"end":{"line":61,"column":5}},"line":58},"14":{"name":"aggByYear","decl":{"start":{"line":66,"column":16},"end":{"line":66,"column":26}},"loc":{"start":{"line":66,"column":34},"end":{"line":74,"column":null}},"line":66},"15":{"name":"(anonymous_15)","decl":{"start":{"line":68,"column":26},"end":{"line":68,"column":34}},"loc":{"start":{"line":68,"column":39},"end":{"line":72,"column":3}},"line":68},"16":{"name":"(anonymous_16)","decl":{"start":{"line":73,"column":28},"end":{"line":73,"column":34}},"loc":{"start":{"line":73,"column":42},"end":{"line":73,"column":70}},"line":73},"17":{"name":"aggByService","decl":{"start":{"line":77,"column":16},"end":{"line":77,"column":29}},"loc":{"start":{"line":77,"column":37},"end":{"line":85,"column":null}},"line":77},"18":{"name":"(anonymous_18)","decl":{"start":{"line":79,"column":26},"end":{"line":79,"column":34}},"loc":{"start":{"line":79,"column":39},"end":{"line":83,"column":3}},"line":79},"19":{"name":"(anonymous_19)","decl":{"start":{"line":84,"column":28},"end":{"line":84,"column":34}},"loc":{"start":{"line":84,"column":42},"end":{"line":84,"column":63}},"line":84},"20":{"name":"aggBySale","decl":{"start":{"line":88,"column":16},"end":{"line":88,"column":26}},"loc":{"start":{"line":88,"column":64},"end":{"line":106,"column":null}},"line":88},"21":{"name":"(anonymous_21)","decl":{"start":{"line":91,"column":9},"end":{"line":91,"column":16}},"loc":{"start":{"line":91,"column":21},"end":{"line":92,"column":null}},"line":91},"22":{"name":"(anonymous_22)","decl":{"start":{"line":93,"column":4},"end":{"line":93,"column":12}},"loc":{"start":{"line":93,"column":17},"end":{"line":97,"column":3}},"line":93},"23":{"name":"(anonymous_23)","decl":{"start":{"line":99,"column":26},"end":{"line":99,"column":33}},"loc":{"start":{"line":99,"column":38},"end":{"line":99,"column":63}},"line":99},"24":{"name":"(anonymous_24)","decl":{"start":{"line":99,"column":65},"end":{"line":99,"column":73}},"loc":{"start":{"line":99,"column":78},"end":{"line":104,"column":3}},"line":99},"25":{"name":"(anonymous_25)","decl":{"start":{"line":102,"column":33},"end":{"line":102,"column":38}},"loc":{"start":{"line":102,"column":43},"end":{"line":102,"column":88}},"line":102},"26":{"name":"(anonymous_26)","decl":{"start":{"line":105,"column":28},"end":{"line":105,"column":34}},"loc":{"start":{"line":105,"column":42},"end":{"line":105,"column":63}},"line":105},"27":{"name":"getDebtList","decl":{"start":{"line":109,"column":16},"end":{"line":109,"column":28}},"loc":{"start":{"line":109,"column":46},"end":{"line":134,"column":null}},"line":109},"28":{"name":"(anonymous_28)","decl":{"start":{"line":111,"column":5},"end":{"line":111,"column":12}},"loc":{"start":{"line":111,"column":17},"end":{"line":111,"column":62}},"line":111},"29":{"name":"(anonymous_29)","decl":{"start":{"line":112,"column":5},"end":{"line":112,"column":9}},"loc":{"start":{"line":112,"column":14},"end":{"line":131,"column":5}},"line":112},"30":{"name":"(anonymous_30)","decl":{"start":{"line":114,"column":9},"end":{"line":114,"column":16}},"loc":{"start":{"line":114,"column":21},"end":{"line":114,"column":86}},"line":114},"31":{"name":"(anonymous_31)","decl":{"start":{"line":115,"column":9},"end":{"line":115,"column":17}},"loc":{"start":{"line":115,"column":25},"end":{"line":115,"column":47}},"line":115},"32":{"name":"(anonymous_32)","decl":{"start":{"line":132,"column":5},"end":{"line":132,"column":12}},"loc":{"start":{"line":132,"column":17},"end":{"line":132,"column":27}},"line":132},"33":{"name":"(anonymous_33)","decl":{"start":{"line":133,"column":5},"end":{"line":133,"column":11}},"loc":{"start":{"line":133,"column":19},"end":{"line":133,"column":34}},"line":133},"34":{"name":"(anonymous_34)","decl":{"start":{"line":137,"column":6},"end":{"line":137,"column":14}},"loc":{"start":{"line":137,"column":20},"end":{"line":137,"column":null}},"line":137},"35":{"name":"(anonymous_35)","decl":{"start":{"line":138,"column":6},"end":{"line":138,"column":16}},"loc":{"start":{"line":138,"column":24},"end":{"line":138,"column":null}},"line":138},"36":{"name":"exportRevenueXlsx","decl":{"start":{"line":140,"column":16},"end":{"line":140,"column":34}},"loc":{"start":{"line":140,"column":54},"end":{"line":154,"column":null}},"line":140},"37":{"name":"(anonymous_37)","decl":{"start":{"line":141,"column":20},"end":{"line":141,"column":24}},"loc":{"start":{"line":141,"column":30},"end":{"line":148,"column":4}},"line":141},"38":{"name":"(anonymous_38)","decl":{"start":{"line":150,"column":35},"end":{"line":150,"column":39}},"loc":{"start":{"line":150,"column":45},"end":{"line":150,"column":56}},"line":150},"39":{"name":"exportServiceXlsx","decl":{"start":{"line":156,"column":16},"end":{"line":156,"column":34}},"loc":{"start":{"line":156,"column":40},"end":{"line":170,"column":null}},"line":156},"40":{"name":"(anonymous_40)","decl":{"start":{"line":157,"column":20},"end":{"line":157,"column":24}},"loc":{"start":{"line":157,"column":30},"end":{"line":164,"column":4}},"line":157},"41":{"name":"(anonymous_41)","decl":{"start":{"line":166,"column":35},"end":{"line":166,"column":39}},"loc":{"start":{"line":166,"column":45},"end":{"line":166,"column":56}},"line":166},"42":{"name":"exportSaleXlsx","decl":{"start":{"line":172,"column":16},"end":{"line":172,"column":31}},"loc":{"start":{"line":172,"column":50},"end":{"line":186,"column":null}},"line":172},"43":{"name":"(anonymous_43)","decl":{"start":{"line":173,"column":20},"end":{"line":173,"column":24}},"loc":{"start":{"line":173,"column":30},"end":{"line":180,"column":4}},"line":173},"44":{"name":"(anonymous_44)","decl":{"start":{"line":182,"column":35},"end":{"line":182,"column":39}},"loc":{"start":{"line":182,"column":45},"end":{"line":182,"column":56}},"line":182},"45":{"name":"exportDebtXlsx","decl":{"start":{"line":188,"column":16},"end":{"line":188,"column":31}},"loc":{"start":{"line":188,"column":37},"end":{"line":206,"column":null}},"line":188},"46":{"name":"(anonymous_46)","decl":{"start":{"line":189,"column":20},"end":{"line":189,"column":24}},"loc":{"start":{"line":189,"column":30},"end":{"line":200,"column":4}},"line":189},"47":{"name":"(anonymous_47)","decl":{"start":{"line":202,"column":48},"end":{"line":202,"column":52}},"loc":{"start":{"line":202,"column":58},"end":{"line":202,"column":69}},"line":202},"48":{"name":"exportFullReport","decl":{"start":{"line":209,"column":16},"end":{"line":209,"column":33}},"loc":{"start":{"line":209,"column":74},"end":{"line":248,"column":null}},"line":209},"49":{"name":"(anonymous_49)","decl":{"start":{"line":213,"column":43},"end":{"line":213,"column":47}},"loc":{"start":{"line":213,"column":53},"end":{"line":217,"column":4}},"line":213},"50":{"name":"(anonymous_50)","decl":{"start":{"line":219,"column":35},"end":{"line":219,"column":39}},"loc":{"start":{"line":219,"column":45},"end":{"line":219,"column":56}},"line":219},"51":{"name":"(anonymous_51)","decl":{"start":{"line":223,"column":35},"end":{"line":223,"column":39}},"loc":{"start":{"line":223,"column":45},"end":{"line":227,"column":4}},"line":223},"52":{"name":"(anonymous_52)","decl":{"start":{"line":231,"column":62},"end":{"line":231,"column":66}},"loc":{"start":{"line":231,"column":72},"end":{"line":235,"column":4}},"line":231},"53":{"name":"(anonymous_53)","decl":{"start":{"line":239,"column":45},"end":{"line":239,"column":49}},"loc":{"start":{"line":239,"column":55},"end":{"line":244,"column":4}},"line":239}},"branchMap":{"0":{"loc":{"start":{"line":18,"column":24},"end":{"line":18,"column":null}},"type":"cond-expr","locations":[{"start":{"line":18,"column":30},"end":{"line":18,"column":48}},{"start":{"line":18,"column":48},"end":{"line":18,"column":null}}],"line":18},"1":{"loc":{"start":{"line":19,"column":24},"end":{"line":19,"column":null}},"type":"cond-expr","locations":[{"start":{"line":19,"column":30},"end":{"line":19,"column":48}},{"start":{"line":19,"column":48},"end":{"line":19,"column":null}}],"line":19},"2":{"loc":{"start":{"line":20,"column":26},"end":{"line":20,"column":49}},"type":"if","locations":[{"start":{"line":20,"column":26},"end":{"line":20,"column":49}},{"start":{},"end":{}}],"line":20},"3":{"loc":{"start":{"line":25,"column":33},"end":{"line":25,"column":61}},"type":"binary-expr","locations":[{"start":{"line":25,"column":33},"end":{"line":25,"column":60}},{"start":{"line":25,"column":60},"end":{"line":25,"column":61}}],"line":25},"4":{"loc":{"start":{"line":26,"column":33},"end":{"line":26,"column":61}},"type":"binary-expr","locations":[{"start":{"line":26,"column":33},"end":{"line":26,"column":60}},{"start":{"line":26,"column":60},"end":{"line":26,"column":61}}],"line":26},"5":{"loc":{"start":{"line":27,"column":33},"end":{"line":27,"column":61}},"type":"binary-expr","locations":[{"start":{"line":27,"column":33},"end":{"line":27,"column":60}},{"start":{"line":27,"column":60},"end":{"line":27,"column":61}}],"line":27},"6":{"loc":{"start":{"line":31,"column":2},"end":{"line":31,"column":null}},"type":"if","locations":[{"start":{"line":31,"column":2},"end":{"line":31,"column":null}},{"start":{},"end":{}}],"line":31},"7":{"loc":{"start":{"line":31,"column":63},"end":{"line":31,"column":98}},"type":"binary-expr","locations":[{"start":{"line":31,"column":63},"end":{"line":31,"column":93}},{"start":{"line":31,"column":93},"end":{"line":31,"column":98}}],"line":31},"8":{"loc":{"start":{"line":42,"column":21},"end":{"line":42,"column":88}},"type":"binary-expr","locations":[{"start":{"line":42,"column":21},"end":{"line":42,"column":36}},{"start":{"line":42,"column":36},"end":{"line":42,"column":88}}],"line":42},"9":{"loc":{"start":{"line":42,"column":43},"end":{"line":42,"column":70}},"type":"binary-expr","locations":[{"start":{"line":42,"column":43},"end":{"line":42,"column":58}},{"start":{"line":42,"column":58},"end":{"line":42,"column":70}}],"line":42},"10":{"loc":{"start":{"line":44,"column":21},"end":{"line":44,"column":48}},"type":"binary-expr","locations":[{"start":{"line":44,"column":21},"end":{"line":44,"column":36}},{"start":{"line":44,"column":36},"end":{"line":44,"column":48}}],"line":44},"11":{"loc":{"start":{"line":45,"column":6},"end":{"line":45,"column":null}},"type":"if","locations":[{"start":{"line":45,"column":6},"end":{"line":45,"column":null}},{"start":{},"end":{}}],"line":45},"12":{"loc":{"start":{"line":57,"column":21},"end":{"line":57,"column":88}},"type":"binary-expr","locations":[{"start":{"line":57,"column":21},"end":{"line":57,"column":36}},{"start":{"line":57,"column":36},"end":{"line":57,"column":88}}],"line":57},"13":{"loc":{"start":{"line":57,"column":43},"end":{"line":57,"column":70}},"type":"binary-expr","locations":[{"start":{"line":57,"column":43},"end":{"line":57,"column":58}},{"start":{"line":57,"column":58},"end":{"line":57,"column":70}}],"line":57},"14":{"loc":{"start":{"line":59,"column":20},"end":{"line":59,"column":47}},"type":"binary-expr","locations":[{"start":{"line":59,"column":20},"end":{"line":59,"column":35}},{"start":{"line":59,"column":35},"end":{"line":59,"column":47}}],"line":59},"15":{"loc":{"start":{"line":60,"column":6},"end":{"line":60,"column":null}},"type":"if","locations":[{"start":{"line":60,"column":6},"end":{"line":60,"column":null}},{"start":{},"end":{}}],"line":60},"16":{"loc":{"start":{"line":69,"column":14},"end":{"line":69,"column":null}},"type":"binary-expr","locations":[{"start":{"line":69,"column":14},"end":{"line":69,"column":53}},{"start":{"line":69,"column":53},"end":{"line":69,"column":null}}],"line":69},"17":{"loc":{"start":{"line":69,"column":21},"end":{"line":69,"column":48}},"type":"binary-expr","locations":[{"start":{"line":69,"column":21},"end":{"line":69,"column":36}},{"start":{"line":69,"column":36},"end":{"line":69,"column":48}}],"line":69},"18":{"loc":{"start":{"line":70,"column":4},"end":{"line":70,"column":null}},"type":"if","locations":[{"start":{"line":70,"column":4},"end":{"line":70,"column":null}},{"start":{},"end":{}}],"line":70},"19":{"loc":{"start":{"line":80,"column":14},"end":{"line":80,"column":null}},"type":"binary-expr","locations":[{"start":{"line":80,"column":14},"end":{"line":80,"column":27}},{"start":{"line":80,"column":27},"end":{"line":80,"column":null}}],"line":80},"20":{"loc":{"start":{"line":81,"column":4},"end":{"line":81,"column":null}},"type":"if","locations":[{"start":{"line":81,"column":4},"end":{"line":81,"column":null}},{"start":{},"end":{}}],"line":81},"21":{"loc":{"start":{"line":81,"column":46},"end":{"line":81,"column":63}},"type":"binary-expr","locations":[{"start":{"line":81,"column":46},"end":{"line":81,"column":60}},{"start":{"line":81,"column":60},"end":{"line":81,"column":63}}],"line":81},"22":{"loc":{"start":{"line":90,"column":15},"end":{"line":90,"column":null}},"type":"cond-expr","locations":[{"start":{"line":90,"column":23},"end":{"line":90,"column":68}},{"start":{"line":90,"column":68},"end":{"line":90,"column":null}}],"line":90},"23":{"loc":{"start":{"line":91,"column":21},"end":{"line":92,"column":null}},"type":"binary-expr","locations":[{"start":{"line":91,"column":21},"end":{"line":91,"column":36}},{"start":{"line":91,"column":36},"end":{"line":91,"column":null}},{"start":{"line":92,"column":8},"end":{"line":92,"column":18}},{"start":{"line":92,"column":18},"end":{"line":92,"column":null}}],"line":91},"24":{"loc":{"start":{"line":94,"column":14},"end":{"line":94,"column":null}},"type":"binary-expr","locations":[{"start":{"line":94,"column":14},"end":{"line":94,"column":24}},{"start":{"line":94,"column":24},"end":{"line":94,"column":null}}],"line":94},"25":{"loc":{"start":{"line":95,"column":4},"end":{"line":95,"column":null}},"type":"if","locations":[{"start":{"line":95,"column":4},"end":{"line":95,"column":null}},{"start":{},"end":{}}],"line":95},"26":{"loc":{"start":{"line":99,"column":3},"end":{"line":99,"column":26}},"type":"binary-expr","locations":[{"start":{"line":99,"column":3},"end":{"line":99,"column":22}},{"start":{"line":99,"column":22},"end":{"line":99,"column":26}}],"line":99},"27":{"loc":{"start":{"line":99,"column":38},"end":{"line":99,"column":63}},"type":"binary-expr","locations":[{"start":{"line":99,"column":38},"end":{"line":99,"column":47}},{"start":{"line":99,"column":47},"end":{"line":99,"column":63}}],"line":99},"28":{"loc":{"start":{"line":103,"column":4},"end":{"line":103,"column":null}},"type":"if","locations":[{"start":{"line":103,"column":4},"end":{"line":103,"column":null}},{"start":{},"end":{}}],"line":103},"29":{"loc":{"start":{"line":114,"column":21},"end":{"line":114,"column":86}},"type":"binary-expr","locations":[{"start":{"line":114,"column":21},"end":{"line":114,"column":43}},{"start":{"line":114,"column":43},"end":{"line":114,"column":63}},{"start":{"line":114,"column":63},"end":{"line":114,"column":86}}],"line":114},"30":{"loc":{"start":{"line":120,"column":18},"end":{"line":120,"column":null}},"type":"binary-expr","locations":[{"start":{"line":120,"column":18},"end":{"line":120,"column":38}},{"start":{"line":120,"column":38},"end":{"line":120,"column":null}}],"line":120},"31":{"loc":{"start":{"line":121,"column":15},"end":{"line":121,"column":null}},"type":"binary-expr","locations":[{"start":{"line":121,"column":15},"end":{"line":121,"column":36}},{"start":{"line":121,"column":36},"end":{"line":121,"column":null}}],"line":121},"32":{"loc":{"start":{"line":122,"column":17},"end":{"line":122,"column":null}},"type":"binary-expr","locations":[{"start":{"line":122,"column":17},"end":{"line":122,"column":34}},{"start":{"line":122,"column":34},"end":{"line":122,"column":47}},{"start":{"line":122,"column":47},"end":{"line":122,"column":null}}],"line":122},"33":{"loc":{"start":{"line":123,"column":14},"end":{"line":123,"column":null}},"type":"binary-expr","locations":[{"start":{"line":123,"column":14},"end":{"line":123,"column":24}},{"start":{"line":123,"column":24},"end":{"line":123,"column":null}}],"line":123},"34":{"loc":{"start":{"line":124,"column":20},"end":{"line":124,"column":null}},"type":"binary-expr","locations":[{"start":{"line":124,"column":20},"end":{"line":124,"column":36}},{"start":{"line":124,"column":36},"end":{"line":124,"column":null}}],"line":124},"35":{"loc":{"start":{"line":129,"column":18},"end":{"line":129,"column":null}},"type":"binary-expr","locations":[{"start":{"line":129,"column":18},"end":{"line":129,"column":40}},{"start":{"line":129,"column":40},"end":{"line":129,"column":null}}],"line":129},"36":{"loc":{"start":{"line":137,"column":38},"end":{"line":137,"column":44}},"type":"binary-expr","locations":[{"start":{"line":137,"column":38},"end":{"line":137,"column":43}},{"start":{"line":137,"column":43},"end":{"line":137,"column":44}}],"line":137},"37":{"loc":{"start":{"line":138,"column":24},"end":{"line":138,"column":null}},"type":"cond-expr","locations":[{"start":{"line":138,"column":32},"end":{"line":138,"column":56}},{"start":{"line":138,"column":56},"end":{"line":138,"column":null}}],"line":138},"38":{"loc":{"start":{"line":177,"column":23},"end":{"line":177,"column":null}},"type":"cond-expr","locations":[{"start":{"line":177,"column":38},"end":{"line":177,"column":68}},{"start":{"line":177,"column":68},"end":{"line":177,"column":null}}],"line":177},"39":{"loc":{"start":{"line":185,"column":38},"end":{"line":185,"column":51}},"type":"binary-expr","locations":[{"start":{"line":185,"column":38},"end":{"line":185,"column":45}},{"start":{"line":185,"column":45},"end":{"line":185,"column":51}}],"line":185},"40":{"loc":{"start":{"line":233,"column":13},"end":{"line":233,"column":null}},"type":"cond-expr","locations":[{"start":{"line":233,"column":28},"end":{"line":233,"column":57}},{"start":{"line":233,"column":57},"end":{"line":233,"column":null}}],"line":233}},"s":{"0":1,"1":1,"2":8,"3":1,"4":24,"
[...]
,"C:\\minhviet-erp\\src\\utils\\telegram.js": {"path":"C:\\minhviet-erp\\src\\utils\\telegram.js","statementMap":{"0":{"start":{"line":4,"column":22},"end":{"line":4,"column":null}},"1":{"start":{"line":7,"column":2},"end":{"line":10,"column":null}},"2":{"start":{"line":8,"column":16},"end":{"line":8,"column":null}},"3":{"start":{"line":9,"column":4},"end":{"line":9,"column":null}},"4":{"start":{"line":10,"column":12},"end":{"line":10,"column":25}},"5":{"start":{"line":14,"column":2},"end":{"line":14,"column":null}},"6":{"start":{"line":18,"column":2},"end":{"line":18,"column":null}},"7":{"start":{"line":23,"column":14},"end":{"line":23,"column":null}},"8":{"start":{"line":24,"column":2},"end":{"line":24,"column":null}},"9":{"start":{"line":24,"column":50},"end":{"line":24,"column":null}},"10":{"start":{"line":27,"column":2},"end":{"line":27,"column":null}},"11":{"start":{"line":27,"column":68},"end":{"line":27,"column":null}},"12":{"start":{"line":29,"column":2},"end":{"line":48,"column":null}},"13":{"start":{"line":30,"column":16},"end":{"line":42,"column":null}},"14":{"start":{"line":43,"column":17},"end":{"line":43,"column":null}},"15":{"start":{"line":44,"column":4},"end":{"line":44,"column":null}},"16":{"start":{"line":46,"column":4},"end":{"line":46,"column":null}},"17":{"start":{"line":47,"column":4},"end":{"line":47,"column":null}},"18":{"start":{"line":53,"column":2},"end":{"line":71,"column":null}},"19":{"start":{"line":54,"column":16},"end":{"line":65,"column":null}},"20":{"start":{"line":66,"column":17},"end":{"line":66,"column":null}},"21":{"start":{"line":67,"column":4},"end":{"line":67,"column":null}},"22":{"start":{"line":67,"column":18},"end":{"line":67,"column":null}},"23":{"start":{"line":68,"column":4},"end":{"line":68,"column":null}},"24":{"start":{"line":70,"column":4},"end":{"line":70,"column":null}},"25":{"start":{"line":75,"column":22},"end":{"line":155,"column":null}},"26":{"start":{"line":77,"column":4},"end":{"line":83,"column":null}},"27":{"start":{"line":86,"column":4},"end":{"line":91,"column":null}},"28":{"start":{"line":94,"column":4},"end":{"line":98,"column":null}},"29":{"start":{"line":101,"column":4},"end":{"line":104,"column":null}},"30":{"start":{"line":107,"column":4},"end":{"line":110,"column":null}},"31":{"start":{"line":113,"column":4},"end":{"line":116,"column":null}},"32":{"start":{"line":119,"column":4},"end":{"line":123,"column":null}},"33":{"start":{"line":126,"column":4},"end":{"line":130,"column":null}},"34":{"start":{"line":133,"column":4},"end":{"line":138,"column":null}},"35":{"start":{"line":141,"column":4},"end":{"line":146,"column":null}},"36":{"start":{"line":149,"column":4},"end":{"line":154,"column":null}}},"fnMap":{"0":{"name":"loadTgConfig","decl":{"start":{"line":6,"column":16},"end":{"line":6,"column":31}},"loc":{"start":{"line":6,"column":31},"end":{"line":11,"column":null}},"line":6},"1":{"name":"saveTgConfig","decl":{"start":{"line":13,"column":16},"end":{"line":13,"column":29}},"loc":{"start":{"line":13,"column":34},"end":{"line":15,"column":null}},"line":13},"2":{"name":"clearTgConfig","decl":{"start":{"line":17,"column":16},"end":{"line":17,"column":32}},"loc":{"start":{"line":17,"column":32},"end":{"line":19,"column":null}},"line":17},"3":{"name":"sendTelegram","decl":{"start":{"line":22,"column":22},"end":{"line":22,"column":35}},"loc":{"start":{"line":22,"column":52},"end":{"line":49,"column":null}},"line":22},"4":{"name":"testTelegram","decl":{"start":{"line":52,"column":22},"end":{"line":52,"column":35}},"loc":{"start":{"line":52,"column":50},"end":{"line":72,"column":null}},"line":52},"5":{"name":"(anonymous_5)","decl":{"start":{"line":76,"column":2},"end":{"line":76,"column":13}},"loc":{"start":{"line":77,"column":4},"end":{"line":83,"column":null}},"line":77},"6":{"name":"(anonymous_6)","decl":{"start":{"line":85,"column":2},"end":{"line":85,"column":18}},"loc":{"start":{"line":86,"column":4},"end":{"line":91,"column":null}},"line":86},"7":{"name":"(anonymous_7)","decl":{"start":{"line":93,"column":2},"end":{"line":93,"column":18}},"loc":{"start":{"line":94,"column":4},"end":{"line":98,"column":null}},"line":94},"8":{"name":"(anonymous_8)","decl":{"start":{"line":100,"column":2},"end":{"line":100,"column":20}},"loc":{"start":{"line":101,"column":4},"end":{"line":104,"column":null}},"line":101},"9":{"name":"(anonymous_9)","decl":{"start":{"line":106,"column":2},"end":{"line":106,"column":20}},"loc":{"start":{"line":107,"column":4},"end":{"line":110,"column":null}},"line":107},"10":{"name":"(anonymous_10)","decl":{"start":{"line":112,"column":2},"end":{"line":112,"column":19}},"loc":{"start":{"line":113,"column":4},"end":{"line":116,"column":null}},"line":113},"11":{"name":"(anonymous_11)","decl":{"start":{"line":118,"column":2},"end":{"line":118,"column":18}},"loc":{"start":{"line":119,"column":4},"end":{"line":123,"column":null}},"line":119},"12":{"name":"(anonymous_12)","decl":{"start":{"line":125,"column":2},"end":{"line":125,"column":20}},"loc":{"start":{"line":126,"column":4},"end":{"line":130,"column":null}},"line":126},"13":{"name":"(anonymous_13)","decl":{"start":{"line":132,"column":2},"end":{"line":132,"column":18}},"loc":{"start":{"line":133,"column":4},"end":{"line":138,"column":null}},"line":133},"14":{"name":"(anonymous_14)","decl":{"start":{"line":140,"column":2},"end":{"line":140,"column":22}},"loc":{"start":{"line":141,"column":4},"end":{"line":146,"column":null}},"line":141},"15":{"name":"(anonymous_15)","decl":{"start":{"line":148,"column":2},"end":{"line":148,"column":20}},"loc":{"start":{"line":149,"column":4},"end":{"line":154,"column":null}},"line":149}},"branchMap":{"0":{"loc":{"start":{"line":9,"column":11},"end":{"line":9,"column":null}},"type":"cond-expr","locations":[{"start":{"line":9,"column":17},"end":{"line":9,"column":35}},{"start":{"line":9,"column":35},"end":{"line":9,"column":null}}],"line":9},"1":{"loc":{"start":{"line":22,"column":41},"end":{"line":22,"column":52}},"type":"default-arg","locations":[{"start":{"line":22,"column":48},"end":{"line":22,"column":52}}],"line":22},"2":{"loc":{"start":{"line":23,"column":14},"end":{"line":23,"column":null}},"type":"binary-expr","locations":[{"start":{"line":23,"column":14},"end":{"line":23,"column":26}},{"start":{"line":23,"column":26},"end":{"line":23,"column":null}}],"line":23},"3":{"loc":{"start":{"line":24,"column":2},"end":{"line":24,"column":null}},"type":"if","locations":[{"start":{"line":24,"column":2},"end":{"line":24,"column":null}},{"start":{},"end":{}}],"line":24},"4":{"loc":{"start":{"line":24,"column":6},"end":{"line":24,"column":50}},"type":"binary-expr","locations":[{"start":{"line":24,"column":6},"end":{"line":24,"column":23}},{"start":{"line":24,"column":23},"end":{"line":24,"column":37}},{"start":{"line":24,"column":37},"end":{"line":24,"column":50}}],"line":24},"5":{"loc":{"start":{"line":27,"column":2},"end":{"line":27,"column":null}},"type":"if","locations":[{"start":{"line":27,"column":2},"end":{"line":27,"column":null}},{"start":{},"end":{}}],"line":27},"6":{"loc":{"start":{"line":27,"column":6},"end":{"line":27,"column":68}},"type":"binary-expr","locations":[{"start":{"line":27,"column":6},"end":{"line":27,"column":20}},{"start":{"line":27,"column":20},"end":{"line":27,"column":34}},{"start":{"line":27,"column":34},"end":{"line":27,"column":68}}],"line":27},"7":{"loc":{"start":{"line":67,"column":4},"end":{"line":67,"column":null}},"type":"if","locations":[{"start":{"line":67,"column":4},"end":{"line":67,"column":null}},{"start":{},"end":{}}],"line":67},"8":{"loc":{"start":{"line":67,"column":34},"end":{"line":67,"column":74}},"type":"binary-expr","locations":[{"start":{"line":67,"column":34},"end":{"line":67,"column":54}},{"start":{"line":67,"column":54},"end":{"line":67,"column":74}}],"line":67},"9":{"loc":{"start":{"line":79,"column":14},"end":{"line":79,"column":38}},"type":"binary-expr","locations":[{"start":{"line":79,"column":14},"end":{"line":79,"column":34}},{"start":{"line":79,"column":34},"end":{"line":79,"column":38}}],"line":79},"10":{"loc":{"start":{"line":79,"column":43},"end":{"line":79,"column":67}},"type":"binary-expr","locations":[{"start":{"line":79,"column":43},"end":{"line":79,"column":64}},{"start":{"line":79,"column":64},"end":{"line":79,"column":67}}],"line":79},"11":{"loc":{"start":{"line":80,"column":19},"end":{"line":80,"column":40}},"type":"binary-expr","locations":[{"start":{"line":80,"column":19},"end":{"line":80,"column":36}},{"start":{"line":80,"column":36},"end":{"line":80,"column":40}}],"line":80},"12":{"loc":{"start":{"line":81,"column":19},"end":{"line":81,"column":39}},"type":"binary-expr","locations":[{"start":{"line":81,"column":19},"end":{"line":81,"column":35}},{"start":{"line":81,"column":35},"end":{"line":81,"column":39}}],"line":81},"13":{"loc":{"start":{"line":82,"column":28},"end":{"line":82,"column":56}},"type":"binary-expr","locations":[{"start":{"line":82,"column":28},"end":{"line":82,"column":55}},{"start":{"line":82,"column":55},"end":{"line":82,"column":56}}],"line":82},"14":{"loc":{"start":{"line":83,"column":16},"end":{"line":83,"column":null}},"type":"binary-expr","locations":[{"start":{"line":83,"column":16},"end":{"line":83,"column":26}},{"start":{"line":83,"column":26},"end":{"line":83,"column":null}}],"line":83},"15":{"loc":{"start":{"line":88,"column":14},"end":{"line":88,"column":36}},"type":"binary-expr","locations":[{"start":{"line":88,"column":14},"end":{"line":88,"column":32}},{"start":{"line":88,"column":32},"end":{"line":88,"column":36}}],"line":88},"16":{"loc":{"start":{"line":90,"column":20},"end":{"line":90,"column":34}},"type":"binary-expr","locations":[{"start":{"line":90,"column":20},"end":{"line":90,"column":30}},{"start":{"line":90,"column":30},"end":{"line":90,"column":34}}],"line":90},"17":{"loc":{"start":{"line":91,"column":21},"end":{"line":91,"column":null}},"type":"binary-expr","locations":[{"start":{"line":91,"column":21},"end":{"line":91,"column":33}},{"start":{"line":91,"column":33},"end":{"line":91,"column":null}}],"line":91},"18":{"loc":{"start":{"line":96,"column":15},"end":{"line":96,"column":28}},"type":"binary-expr","locations":[{"start":{"line":96,"column":15},"end":{"line":96,"column":24}},{"start":{"line":96,"column":24},"end":{"line":96,"column":28}}],"line":96},"19":{"loc":{"start":{"line":98,"column":20},"end":{"line":98,"column":null}},"type":"binary-expr","locations":[{"start":{"line":98,"column":20},"end":{"line":98,"column":30}},{"start":{"line":98,"column":30},"end":{"line":98,"column":null}}],"line":98},"20":{"loc":{"start":{"line":103,"column":58},"end":{"line":103,"column":91}},"type":"cond-expr","locations":[{"start":{"line":103,"column":77},"end":{"line":103,"column":85}},{"start":{"line":103,"column":85},"end":{"line":103,"column":91}}],"line":103},"21":{"loc":{"start":{"line":104,"column":23},"end":{"line":104,"column":null}},"type":"binary-expr","locations":[{"start":{"line":104,"column":23},"end":{"line":104,"column":39}},{"start":{"line":104,"column":39},"end":{"line":104,"column":null}}],"line":104},"22":{"loc":{"start":{"line":115,"column":15},"end":{"line":115,"column":28}},"type":"binary-expr","locations":[{"start":{"line":115,"column":15},"end":{"line":115,"column":24}},{"start":{"line":115,"column":24},"end":{"line":115,"column":28}}],"line":115},"23":{"loc":{"start":{"line":121,"column":14},"end":{"line":121,"column":36}},"type":"binary-expr","locations":[{"start":{"line":121,"column":14},"end":{"line":121,"column":32}},{"start":{"line":121,"column":32},"end":{"line":121,"column":36}}],"line":121},"24":{"loc":{"start":{"line":123,"column":17},"end":{"line":123,"column":null}},"type":"binary-expr","locations":[{"start":{"line":123,"column":17},"end":{"line":123,"column":29}},{"start":{"line":123,"column":29},"end":{"line":123,"column":null}}],"line":123},"25":{"loc":{"start":{"line":128,"column":14},"end":{"line":128,"column":38}},"type":"binary-expr","locations":[{"start":{"line":128,"column":14},"end":{"line":128,"column":34}},{"start":{"line":128,"column":34},"end":{"line":128,"column":38}}],"line":128},"26":{"loc":{"start":{"line":128,"column":43},"end":{"line":128,"column":67}},"type":"binary-expr","locations":[{"start":{"line":128,"column":43},"end":{"line":128,"column":64}},{"start":{"line":128,"column":64},"end":{"line":128,"column":67}}],"line":128},"27":{"loc":{"start":{"line":129,"column":26},"end":{"line":129,"column":43}},"type":"binary-expr","locations":[{"start":{"line":129,"column":26},"end":{"line":129,"column":42}},{"start":{"line":129,"column":42},"end":{"line":129,"column":43}}],"line":129},"28":{"loc":{"start":{"line":130,"column":14},"end":{"line":130,"column":40}},"type":"binary-expr","locations":[{"start":{"line":130,"column":14},"end":{"line":130,"column":36}},{"start":{"line":130,"column":36},"end":{"line":130,"column":40}}],"line":130},"29":{"loc":{"start":{"line":135,"column":16},"end":{"line":135,"column":37}},"type":"binary-expr","locations":[{"start":{"line":135,"column":16},"end":{"line":135,"column":33}},{"start":{"line":135,"column":33},"end":{"line":135,"column":37}}],"line":135},"30":{"loc":{"start":{"line":136,"column":14},"end":{"line":136,"column":38}},"type":"binary-expr","locations":[{"start":{"line":136,"column":14},"end":{"line":136,"column":34}},{"start":{"line":136,"column":34},"end":{"line":136,"column":38}}],"line":136},"31":{"loc":{"start":{"line":138,"column":17},"end":{"line":138,"column":38}},"type":"binary-expr","locations":[{"start":{"line":138,"column":17},"end":{"line":138,"column":32}},{"start":{"line":138,"column":32},"end":{"line":138,"column":38}}],"line":138},"32":{"loc":{"start":{"line":138,"column":38},"end":{"line":138,"column":58}},"type":"binary-expr","locations":[{"start":{"line":138,"column":38},"end":{"line":138,"column":55}},{"start":{"line":138,"column":55},"end":{"line":138,"column":58}}],"line":138},"33":{"loc":{"start":{"line":143,"column":16},"end":{"line":143,"column":37}},"type":"binary-expr","locations":[{"start":{"line":143,"column":16},"end":{"line":143,"column":33}},{"start":{"line":143,"column":33},"end":{"line":143,"column":37}}],"line":143},"34":{"loc":{"start":{"line":144,"column":19},"end":{"line":144,"column":39}},"type":"binary-expr","locations":[{"start":{"line":144,"column":19},"end":{"line":144,"column":35}},{"start":{"line":144,"column":35},"end":{"line":144,"column":39}}],"line":144},"35":{"loc":{"start":{"line":145,"column":29},"end":{"line":145,"column":43}},"type":"binary-expr","locations":[{"start":{"line":145,"column":29},"end":{"line":145,"column":39}},{"start":{"line":145,"column":39},"end":{"line":145,"column":43}}],"line":145},"36":{"loc":{"start":{"line":152,"column":26},"end":{"line":152,"column":43}},"type":"binary-expr","locations":[{"start":{"line":152,"column":26},"end":{"line":152,"column":42}},{"start":{"line":152,"column":42},"end":{"line":152,"column":43}}],"line":152},"37":{"loc":{"start":{"line":153,"column":14},"end":{"line":153,"column":49}},"type":"binary-expr","locations":[{"start":{"line":153,"column":14},"end":{"line":153,"column":33}},{"start":{"line":153,"column":33},"end":{"line":153,"column":49}}],"line":153},"38":{"loc":{"start":{"line":154,"column":29},"end":{"line":154,"column":null}},"type":"binary-expr","locations":[{"start":{"line":154,"column":29},"end":{"line":154,"column":39}},{"start":{"line":154,"column":39},"end":{"line":154,"column":null}}],"line":154}},"s":{"0":1,"1":4,"2":4,"3":4,"4":1,"5":2,"6":1,"7":9,"8":9,"9":4,"10":5,"11":1,"12":4,"13":4,"14":3,"15":3,"16":1,"17":1,"18":4,"19":4,"20":3,"21":3,"22":3,"23":1,"24":3,"25":1,"26":2,"27":2,"28":2,"29":3,"30":1,"31":2,"32":2,"33":2,"34":2,"35":2,"36":3},"f":{"0":4,"1":2,"2":1,"3":9,"4":4,"5":2,"6":2,"7":2,"8":3,"9":1,"10":2,"11":2,"12":2,"13":2,"14":2,"15":3},"b":{"0":[2,2],"1":[9],"2":[9,1],"3":[4,5],"4":[9,7,6],"5":[1,4],"6":[5,2,2],"7":[2,1],"8":[2,1],"9":[2,1],"10":[2,1],"11":[2,1],"12":[2,1],"13":[2,1],"14":[2,1],"15":[2,1],"16":[2,1],"17":[2,1],"18":[2,1],"19":[2,1],"20":[2,1],"21":[3,1],"22":[2,1],"23":[2,1],"24":[2,1],"25":[2,1],"26":[2,1],"27":[2,1],"28":[2,1],"29":[2,1],"30":[2,1],"31":[2,1],"32":[2,1],"33":[2,1],"34":[2,1],"35":[2,1],"36":[3,2],"37":[3,1],"38":[3,2]},"meta":{"lastBranch":39,"lastFunction":16,"lastStatement":37,"seen":{"s:4:22:4:Infinity":0,"f:6:16:6:31":0,"s:7:2:10:Infinity":1,"s:8:16:8:Infinity":2,"s:9:4:9:Infinity":3,"b:9:17:9:35:9:35:9:Infinity":0,"s:10:12:10:25":4,"f:13:16:13:29":1,"s:14:2:14:Infinity":5,"f:17:16:17:32":2,"s:18:2:18:Infinity":6,"f:22:22:22:35":3,"b:22:48:22:52":1,"s:23:14:23:Infinity":7,"b:23:14:23:26:23:26:23:Infinity":2,"b:24:2:24:Infinity:undefined:undefined:undefined:undefined":3,"s:24:2:24:Infinity":8,"b:24:6:24:23:24:23:24:37:24:37:24:50":4,"s:24:50:24:Infinity":9,"b:27:2:27:Infinity:undefined:undefined:undefined:undefined":5,"s:27:2:27:Infinity":10,"b:27:6:27:20:27:20:27:34:27:34:27:68":6,"s:27:68:27:Infinity":11,"s:29:2:48:Infinity":12,"s:30:16:42:Infinity":13,"s:43:17:43:Infinity":14,"s:44:4:44:Infinity":15,"s:46:4:46:Infinity":16,"s:47:4:47:Infinity":17,"f:52:22:52:35":4,"s:53:2:71:Infinity":18,"s:54:16:65:Infinity":19,"s:66:17:66:Infinity":20,"b:67:4:67:Infinity:undefined:undefined:undefined:undefined":7,"s:67:4:67:Infinity":21,"s:67:18:67:Infinity":22,"b:67:34:67:54:67:54:67:74":8,"s:68:4:68:Infinity":23,"s:70:4:70:Infinity":24,"s:75:22:155:Infinity":25,"f:76:2:76:13":5,"s:77:4:83:Infinity":26,"b:79:14:79:34:79:34:79:38":9,"b:79:43:79:64:79:64:79:67":10,"b:80:19:80:36:80:36:80:40":11,"b:81:19:81:35:81:35:81:39":12,"b:82:28:82:55:82:55:82:56":13,"b:83:16:83:26:83:26:83:Infinity":14,"f:85:2:85:18":6,"s:86:4:91:Infinity":27,"b:88:14:88:32:88:32:88:36":15,"b:90:20:90:30:90:30:90:34":16,"b:91:21:91:33:91:33:91:Infinity":17,"f:93:2:93:18":7,"s:94:4:98:Infinity":28,"b:96:15:96:24:96:24:96:28":18,"b:98:20:98:30:98:30:98:Infinity":19,"f:100:2:100:20":8,"s:101:4:104:Infinity":29,"b:103:77:103:85:103:85:103:91":20,"b:104:23:104:39:104:39:104:Infinity":21,"f:106:2:106:20":9,"s:107:4:110:Infinity":30,"f:112:2:112:19":10,"s:113:4:116:Infinity":31,"b:115:15:115:24:115:24:115:28":22,"f:118:2:118:18":11,"s:119:4:123:Infinity":32,"b:121:14:121:32:121:32:121:36":23,"b:123:17:123:29:123:29:123:Infinity":24,"f:125:2:125:20":12,"s:126:4:130:Infinity":33,"b:128:14:128:34:128:34:128:38":25,"b:128:43:128:64:128:64:128:67":26,"b:129:26:129:42:129:42:129:43":27,"b:130:14:130:36:130:36:130:40":28,"f:132:2:132:18":13,"s:133:4:138:Infinity":34,"b:135:16:135:33:135:33:135:37":29,"b:136:14:136:34:136:34:136:38":30,"b:138:17:138:32:138:32:138:38":31,"b:138:38:138:55:138:55:138:58":32,"f:140:2:140:22":14,"s:141:4:146:Infinity":35,"b:143:16:143:33:143:33:143:37":33,"b:144:19:144:35:144:35:144:39":34,"b:145:29:145:39:145:39:145:43":35,"f:148:2:148:20":15,"s:149:4:154:Infinity":36,"b:152:26:152:42:152:42:152:43":36,"b:153:14:153:33:153:33:153:49":37,"b:154:29:154:39:154:39:154:Infinity":38},"fnNames":{}}}
}
